Log file open, 02/13/18 04:27:36
LogWindows: Failed to load 'aqProf.dll' (GetLastError=126)
LogWindows: File 'aqProf.dll' does not exist
LogWindows: Failed to load 'VSPerf140.dll' (GetLastError=126)
LogWindows: File 'VSPerf140.dll' does not exist
LogWindows: Failed to load 'VtuneApi.dll' (GetLastError=126)
LogWindows: File 'VtuneApi.dll' does not exist
LogWindows: Failed to load 'VtuneApi32e.dll' (GetLastError=126)
LogWindows: File 'VtuneApi32e.dll' does not exist
LogInit: Display: Running engine for game: Lab02
LogPlatformFile: Not using cached read wrapper
LogInit: Display: RandInit(868174634) SRandInit(868174634).
LogInit: Read version file with build ID '3709383'
LogInit: Overriding engine version to CL 3832480, compatible CL 3709383
LogInit: Registered custom module enumerator with build ID '3709383'
LogTaskGraph: Started task graph with 5 named threads and 14 total threads with 3 sets of task threads.
LogStats: Stats thread started at 0.177301
LogD3D11RHI: Aftermath initialized
LogConfig: Warning: Failed to saved backup for config[Engine]
LogConfig: Warning: Failed to saved backup for config[Lightmass]
LogModuleManager: Display: Found up-to-date module file ../../../Engine/Plugins/2D/Paper2D/Binaries/Win64/UE4Editor-Paper2D.dll (API version 3709383).
LogModuleManager: Display: Found up-to-date module file ../../../Engine/Plugins/2D/Paper2D/Binaries/Win64/UE4Editor-Paper2DEditor.dll (API version 3709383).
LogModuleManager: Display: Found up-to-date module file ../../../Engine/Plugins/2D/Paper2D/Binaries/Win64/UE4Editor-PaperSpriteSheetImporter.dll (API version 3709383).
LogModuleManager: Display: Found up-to-date module file ../../../Engine/Plugins/2D/Paper2D/Binaries/Win64/UE4Editor-PaperTiledImporter.dll (API version 3709383).
LogModuleManager: Display: Found up-to-date module file ../../../Engine/Plugins/2D/Paper2D/Binaries/Win64/UE4Editor-SmartSnapping.dll (API version 3709383).
LogModuleManager: Display: Found up-to-date module file ../../../Engine/Plugins/Blendables/LightPropagationVolume/Binaries/Win64/UE4Editor-LightPropagationVolumeRuntime.dll (API version 3709383).
LogModuleManager: Display: Found up-to-date module file ../../../Engine/Plugins/Blendables/LightPropagationVolume/Binaries/Win64/UE4Editor-LightPropagationVolumeEditor.dll (API version 3709383).
LogModuleManager: Display: Found up-to-date module file ../../../Engine/Plugins/Developer/GitSourceControl/Binaries/Win64/UE4Editor-GitSourceControl.dll (API version 3709383).
LogModuleManager: Display: Found up-to-date module file ../../../Engine/Plugins/Developer/PerforceSourceControl/Binaries/Win64/UE4Editor-PerforceSourceControl.dll (API version 3709383).
LogModuleManager: Display: Found up-to-date module file ../../../Engine/Plugins/Developer/SubversionSourceControl/Binaries/Win64/UE4Editor-SubversionSourceControl.dll (API version 3709383).
LogModuleManager: Display: Found up-to-date module file ../../../Engine/Plugins/Developer/UObjectPlugin/Binaries/Win64/UE4Editor-UObjectPlugin.dll (API version 3709383).
LogModuleManager: Display: Found up-to-date module file ../../../Engine/Plugins/Developer/VisualStudioCodeSourceCodeAccess/Binaries/Win64/UE4Editor-VisualStudioCodeSourceCodeAccess.dll (API version 3709383).
LogModuleManager: Display: Found up-to-date module file ../../../Engine/Plugins/Developer/VisualStudioSourceCodeAccess/Binaries/Win64/UE4Editor-VisualStudioSourceCodeAccess.dll (API version 3709383).
LogModuleManager: Display: Found up-to-date module file ../../../Engine/Plugins/Editor/AssetManagerEditor/Binaries/Win64/UE4Editor-AssetManagerEditor.dll (API version 3709383).
LogModuleManager: Display: Found up-to-date module file ../../../Engine/Plugins/Editor/AudioCapture/Binaries/Win64/UE4Editor-AudioCapture.dll (API version 3709383).
LogModuleManager: Display: Found up-to-date module file ../../../Engine/Plugins/Editor/FacialAnimation/Binaries/Win64/UE4Editor-FacialAnimation.dll (API version 3709383).
LogModuleManager: Display: Found up-to-date module file ../../../Engine/Plugins/Editor/FacialAnimation/Binaries/Win64/UE4Editor-FacialAnimationEditor.dll (API version 3709383).
LogModuleManager: Display: Found up-to-date module file ../../../Engine/Plugins/Editor/GameplayTagsEditor/Binaries/Win64/UE4Editor-GameplayTagsEditor.dll (API version 3709383).
LogModuleManager: Display: Found up-to-date module file ../../../Engine/Plugins/Editor/MobileLauncherProfileWizard/Binaries/Win64/UE4Editor-MobileLauncherProfileWizard.dll (API version 3709383).
LogModuleManager: Display: Found up-to-date module file ../../../Engine/Plugins/Editor/PluginBrowser/Binaries/Win64/UE4Editor-PluginBrowser.dll (API version 3709383).
LogModuleManager: Display: Found up-to-date module file ../../../Engine/Plugins/Editor/SpeedTreeImporter/Binaries/Win64/UE4Editor-SpeedTreeImporter.dll (API version 3709383).
LogModuleManager: Display: Found up-to-date module file ../../../Engine/Plugins/Experimental/AlembicImporter/Binaries/Win64/UE4Editor-AlembicImporter.dll (API version 3709383).
LogModuleManager: Display: Found up-to-date module file ../../../Engine/Plugins/Experimental/AlembicImporter/Binaries/Win64/UE4Editor-AlembicLibrary.dll (API version 3709383).
LogModuleManager: Display: Found up-to-date module file ../../../Engine/Plugins/Experimental/CharacterAI/Binaries/Win64/UE4Editor-CharacterAI.dll (API version 3709383).
LogModuleManager: Display: Found up-to-date module file ../../../Engine/Plugins/Experimental/HTML5Networking/Binaries/Win64/UE4Editor-HTML5Networking.dll (API version 3709383).
LogModuleManager: Display: Found up-to-date module file ../../../Engine/Plugins/Media/AndroidMedia/Binaries/Win64/UE4Editor-AndroidMediaEditor.dll (API version 3709383).
LogModuleManager: Display: Found up-to-date module file ../../../Engine/Plugins/Media/AndroidMedia/Binaries/Win64/UE4Editor-AndroidMediaFactory.dll (API version 3709383).
LogModuleManager: Display: Found up-to-date module file ../../../Engine/Plugins/Media/AvfMedia/Binaries/Win64/UE4Editor-AvfMediaEditor.dll (API version 3709383).
LogModuleManager: Display: Found up-to-date module file ../../../Engine/Plugins/Media/AvfMedia/Binaries/Win64/UE4Editor-AvfMediaFactory.dll (API version 3709383).
LogModuleManager: Display: Found up-to-date module file ../../../Engine/Plugins/Media/AvfMedia/Binaries/Win64/UE4Editor-AvfMediaFactory.dll (API version 3709383).
LogModuleManager: Display: Found up-to-date module file ../../../Engine/Plugins/Media/ImgMedia/Binaries/Win64/UE4Editor-ImgMedia.dll (API version 3709383).
LogModuleManager: Display: Found up-to-date module file ../../../Engine/Plugins/Media/ImgMedia/Binaries/Win64/UE4Editor-ImgMediaEditor.dll (API version 3709383).
LogModuleManager: Display: Found up-to-date module file ../../../Engine/Plugins/Media/ImgMedia/Binaries/Win64/UE4Editor-ImgMediaFactory.dll (API version 3709383).
LogModuleManager: Display: Found up-to-date module file ../../../Engine/Plugins/Media/ImgMedia/Binaries/Win64/UE4Editor-ImgMediaFactory.dll (API version 3709383).
LogModuleManager: Display: Found up-to-date module file ../../../Engine/Plugins/Media/ImgMedia/Binaries/Win64/UE4Editor-OpenExrWrapper.dll (API version 3709383).
LogModuleManager: Display: Found up-to-date module file ../../../Engine/Plugins/Media/MediaCompositing/Binaries/Win64/UE4Editor-MediaCompositing.dll (API version 3709383).
LogModuleManager: Display: Found up-to-date module file ../../../Engine/Plugins/Media/MediaCompositing/Binaries/Win64/UE4Editor-MediaCompositingEditor.dll (API version 3709383).
LogModuleManager: Display: Found up-to-date module file ../../../Engine/Plugins/Media/MediaPlayerEditor/Binaries/Win64/UE4Editor-MediaPlayerEditor.dll (API version 3709383).
LogModuleManager: Display: Found up-to-date module file ../../../Engine/Plugins/Media/WmfMedia/Binaries/Win64/UE4Editor-WmfMedia.dll (API version 3709383).
LogModuleManager: Display: Found up-to-date module file ../../../Engine/Plugins/Media/WmfMedia/Binaries/Win64/UE4Editor-WmfMediaEditor.dll (API version 3709383).
LogModuleManager: Display: Found up-to-date module file ../../../Engine/Plugins/Media/WmfMedia/Binaries/Win64/UE4Editor-WmfMediaFactory.dll (API version 3709383).
LogModuleManager: Display: Found up-to-date module file ../../../Engine/Plugins/Media/WmfMedia/Binaries/Win64/UE4Editor-WmfMediaFactory.dll (API version 3709383).
LogModuleManager: Display: Found up-to-date module file ../../../Engine/Plugins/Messaging/TcpMessaging/Binaries/Win64/UE4Editor-TcpMessaging.dll (API version 3709383).
LogModuleManager: Display: Found up-to-date module file ../../../Engine/Plugins/Messaging/UdpMessaging/Binaries/Win64/UE4Editor-UdpMessaging.dll (API version 3709383).
LogModuleManager: Display: Found up-to-date module file ../../../Engine/Plugins/MovieScene/ActorSequence/Binaries/Win64/UE4Editor-ActorSequence.dll (API version 3709383).
LogModuleManager: Display: Found up-to-date module file ../../../Engine/Plugins/MovieScene/LevelSequenceEditor/Binaries/Win64/UE4Editor-LevelSequenceEditor.dll (API version 3709383).
LogModuleManager: Display: Found up-to-date module file ../../../Engine/Plugins/MovieScene/MatineeToLevelSequence/Binaries/Win64/UE4Editor-MatineeToLevelSequence.dll (API version 3709383).
LogModuleManager: Display: Found up-to-date module file ../../../Engine/Plugins/Online/OnlineSubsystem/Binaries/Win64/UE4Editor-OnlineSubsystem.dll (API version 3709383).
LogModuleManager: Display: Found up-to-date module file ../../../Engine/Plugins/Runtime/AndroidPermission/Binaries/Win64/UE4Editor-AndroidPermission.dll (API version 3709383).
LogModuleManager: Display: Found up-to-date module file ../../../Engine/Plugins/Online/OnlineSubsystemNull/Binaries/Win64/UE4Editor-OnlineSubsystemNull.dll (API version 3709383).
LogModuleManager: Display: Found up-to-date module file ../../../Engine/Plugins/Online/OnlineSubsystemUtils/Binaries/Win64/UE4Editor-OnlineSubsystemUtils.dll (API version 3709383).
LogModuleManager: Display: Found up-to-date module file ../../../Engine/Plugins/Online/OnlineSubsystemUtils/Binaries/Win64/UE4Editor-OnlineBlueprintSupport.dll (API version 3709383).
LogModuleManager: Display: Found up-to-date module file ../../../Engine/Plugins/Runtime/AndroidDeviceProfileSelector/Binaries/Win64/UE4Editor-AndroidDeviceProfileSelector.dll (API version 3709383).
LogModuleManager: Display: Found up-to-date module file ../../../Engine/Plugins/Runtime/AppleARKit/Binaries/Win64/UE4Editor-AppleARKit.dll (API version 3709383).
LogModuleManager: Display: Found up-to-date module file ../../../Engine/Plugins/Runtime/ArchVisCharacter/Binaries/Win64/UE4Editor-ArchVisCharacter.dll (API version 3709383).
LogModuleManager: Display: Found up-to-date module file ../../../Engine/Plugins/Runtime/CableComponent/Binaries/Win64/UE4Editor-CableComponent.dll (API version 3709383).
LogModuleManager: Display: Found up-to-date module file ../../../Engine/Plugins/Runtime/CustomMeshComponent/Binaries/Win64/UE4Editor-CustomMeshComponent.dll (API version 3709383).
LogModuleManager: Display: Found up-to-date module file ../../../Engine/Plugins/Runtime/ExampleDeviceProfileSelector/Binaries/Win64/UE4Editor-ExampleDeviceProfileSelector.dll (API version 3709383).
LogModuleManager: Display: Found up-to-date module file ../../../Engine/Plugins/Runtime/ImmediatePhysics/Binaries/Win64/UE4Editor-ImmediatePhysics.dll (API version 3709383).
LogModuleManager: Display: Found up-to-date module file ../../../Engine/Plugins/Runtime/ImmediatePhysics/Binaries/Win64/UE4Editor-ImmediatePhysicsEditor.dll (API version 3709383).
LogModuleManager: Display: Found up-to-date module file ../../../Engine/Plugins/Runtime/LocationServicesBPLibrary/Binaries/Win64/UE4Editor-LocationServicesBPLibrary.dll (API version 3709383).
LogModuleManager: Display: Found up-to-date module file ../../../Engine/Plugins/Runtime/MobilePatchingUtils/Binaries/Win64/UE4Editor-MobilePatchingUtils.dll (API version 3709383).
LogModuleManager: Display: Found up-to-date module file ../../../Engine/Plugins/Runtime/Oculus/OculusVR/Binaries/Win64/UE4Editor-OculusHMD.dll (API version 3709383).
LogModuleManager: Display: Found up-to-date module file ../../../Engine/Plugins/Runtime/Oculus/OculusVR/Binaries/Win64/UE4Editor-OculusInput.dll (API version 3709383).
LogModuleManager: Display: Found up-to-date module file ../../../Engine/Plugins/Runtime/Oculus/OculusVR/Binaries/Win64/UE4Editor-OculusEditor.dll (API version 3709383).
LogModuleManager: Display: Found up-to-date module file ../../../Engine/Plugins/Runtime/PhysXVehicles/Binaries/Win64/UE4Editor-PhysXVehicles.dll (API version 3709383).
LogModuleManager: Display: Found up-to-date module file ../../../Engine/Plugins/Runtime/PhysXVehicles/Binaries/Win64/UE4Editor-PhysXVehiclesEditor.dll (API version 3709383).
LogModuleManager: Display: Found up-to-date module file ../../../Engine/Plugins/Runtime/ProceduralMeshComponent/Binaries/Win64/UE4Editor-ProceduralMeshComponent.dll (API version 3709383).
LogModuleManager: Display: Found up-to-date module file ../../../Engine/Plugins/Runtime/ProceduralMeshComponent/Binaries/Win64/UE4Editor-ProceduralMeshComponentEditor.dll (API version 3709383).
LogModuleManager: Display: Found up-to-date module file ../../../Engine/Plugins/Runtime/RuntimePhysXCooking/Binaries/Win64/UE4Editor-RuntimePhysXCooking.dll (API version 3709383).
LogModuleManager: Display: Found up-to-date module file ../../../Engine/Plugins/Runtime/Steam/SteamVR/Binaries/Win64/UE4Editor-SteamVR.dll (API version 3709383).
LogModuleManager: Display: Found up-to-date module file ../../../Engine/Plugins/Runtime/Steam/SteamVR/Binaries/Win64/UE4Editor-SteamVRController.dll (API version 3709383).
LogModuleManager: Display: Found up-to-date module file ../../../Engine/Plugins/Runtime/WindowsMoviePlayer/Binaries/Win64/UE4Editor-WindowsMoviePlayer.dll (API version 3709383).
LogPluginManager: Mounting plugin Paper2D
LogConfig: Warning: Failed to saved backup for config[Paper2D]
LogPluginManager: Mounting plugin LightPropagationVolume
LogPluginManager: Mounting plugin CodeLiteSourceCodeAccess
LogPluginManager: Mounting plugin GitSourceControl
LogPluginManager: Mounting plugin KDevelopSourceCodeAccess
LogConfig: Warning: Failed to saved backup for config[KDevelopSourceCodeAccess]
LogPluginManager: Mounting plugin NullSourceCodeAccess
LogConfig: Warning: Failed to saved backup for config[NullSourceCodeAccess]
LogPluginManager: Mounting plugin PerforceSourceControl
LogPluginManager: Mounting plugin SubversionSourceControl
LogPluginManager: Mounting plugin UObjectPlugin
LogPluginManager: Mounting plugin VisualStudioCodeSourceCodeAccess
LogPluginManager: Mounting plugin VisualStudioSourceCodeAccess
LogPluginManager: Mounting plugin XCodeSourceCodeAccess
LogConfig: Warning: Failed to saved backup for config[XCodeSourceCodeAccess]
LogPluginManager: Mounting plugin AssetManagerEditor
LogPluginManager: Mounting plugin AudioCapture
LogConfig: Warning: Failed to saved backup for config[AudioCapture]
LogPluginManager: Mounting plugin FacialAnimation
LogPluginManager: Mounting plugin GameplayTagsEditor
LogPluginManager: Mounting plugin MobileLauncherProfileWizard
LogConfig: Warning: Failed to saved backup for config[MobileLauncherProfileWizard]
LogPluginManager: Mounting plugin PluginBrowser
LogPluginManager: Mounting plugin SpeedTreeImporter
LogPluginManager: Mounting plugin AlembicImporter
LogPluginManager: Mounting plugin CharacterAI
LogPluginManager: Mounting plugin HTML5Networking
LogConfig: Warning: Failed to saved backup for config[HTML5Networking]
LogPluginManager: Mounting plugin AndroidMedia
LogPluginManager: Mounting plugin AvfMedia
LogPluginManager: Mounting plugin ImgMedia
LogPluginManager: Mounting plugin MediaCompositing
LogPluginManager: Mounting plugin MediaPlayerEditor
LogPluginManager: Mounting plugin WmfMedia
LogPluginManager: Mounting plugin TcpMessaging
LogConfig: Warning: Failed to saved backup for config[TcpMessaging]
LogPluginManager: Mounting plugin UdpMessaging
LogPluginManager: Mounting plugin ActorSequence
LogPluginManager: Mounting plugin LevelSequenceEditor
LogPluginManager: Mounting plugin MatineeToLevelSequence
LogPluginManager: Mounting plugin OnlineSubsystemGooglePlay
LogConfig: Warning: Failed to saved backup for config[OnlineSubsystemGooglePlay]
LogPluginManager: Mounting plugin OnlineSubsystemIOS
LogPluginManager: Mounting plugin OnlineSubsystem
LogConfig: Warning: Failed to saved backup for config[OnlineSubsystem]
LogPluginManager: Mounting plugin OnlineSubsystemNull
LogConfig: Warning: Failed to saved backup for config[OnlineSubsystemNull]
LogPluginManager: Mounting plugin OnlineSubsystemUtils
LogPluginManager: Mounting plugin AndroidDeviceProfileSelector
LogPluginManager: Mounting plugin AndroidMoviePlayer
LogPluginManager: Mounting plugin AndroidPermission
LogPluginManager: Mounting plugin AppleARKit
LogPluginManager: Mounting plugin AppleMoviePlayer
LogConfig: Warning: Failed to saved backup for config[AppleMoviePlayer]
LogPluginManager: Mounting plugin ArchVisCharacter
LogConfig: Warning: Failed to saved backup for config[ArchVisCharacter]
LogPluginManager: Mounting plugin CableComponent
LogPluginManager: Mounting plugin CustomMeshComponent
LogConfig: Warning: Failed to saved backup for config[CustomMeshComponent]
LogPluginManager: Mounting plugin ExampleDeviceProfileSelector
LogConfig: Warning: Failed to saved backup for config[ExampleDeviceProfileSelector]
LogPluginManager: Mounting plugin GoogleCloudMessaging
LogPluginManager: Mounting plugin ImmediatePhysics
LogPluginManager: Mounting plugin IOSDeviceProfileSelector
LogPluginManager: Mounting plugin LinuxDeviceProfileSelector
LogPluginManager: Mounting plugin LocationServicesBPLibrary
LogPluginManager: Mounting plugin MobilePatchingUtils
LogPluginManager: Mounting plugin OculusVR
LogPluginManager: Plugin shader directory ../../../Engine/Plugins/Runtime/Oculus/OculusVR/Shaders found
LogPluginManager: Mapping shader source directory ../../../Engine/Plugins/Runtime/Oculus/OculusVR/Shaders to virtual directory /Plugin/OculusVR
LogPluginManager: Mounting plugin PhysXVehicles
LogConfig: Warning: Failed to saved backup for config[PhysXVehicles]
LogPluginManager: Mounting plugin ProceduralMeshComponent
LogPluginManager: Mounting plugin RuntimePhysXCooking
LogPluginManager: Mounting plugin SteamVR
LogPluginManager: Mounting plugin WindowsMoviePlayer
LogInit: Using libcurl 7.47.1
LogInit:  - built for x86_64-pc-win32
LogInit:  - supports SSL with OpenSSL/1.0.2g
LogInit:  - supports HTTP deflate (compression) using libz 1.2.8
LogInit:  - other features:
LogInit:      CURL_VERSION_SSL
LogInit:      CURL_VERSION_LIBZ
LogInit:      CURL_VERSION_IPV6
LogInit:      CURL_VERSION_ASYNCHDNS
LogInit:      CURL_VERSION_LARGEFILE
LogInit:      CURL_VERSION_IDN
LogInit:  CurlRequestOptions (configurable via config and command line):
LogInit:  - bVerifyPeer = false  - Libcurl will NOT verify peer certificate
LogInit:  - bUseHttpProxy = false  - Libcurl will NOT use HTTP proxy
LogInit:  - bDontReuseConnections = false  - Libcurl will reuse connections
LogInit:  - CertBundlePath = nullptr  - Libcurl will use whatever was configured at build time.
LogInit: Build: ++UE4+Release-4.18-CL-3832480
LogInit: Engine Version: 4.18.3-3832480+++UE4+Release-4.18
LogInit: Compatible Engine Version: 4.18.0-3709383+++UE4+Release-4.18
LogInit: Net CL: 3709383
LogDevObjectVersion: Number of dev versions registered: 16
LogDevObjectVersion:   Dev-Blueprints (B0D832E4-1F89-4F0D-ACCF-7EB736FD4AA2): 10
LogDevObjectVersion:   Dev-Build (E1C64328-A22C-4D53-A36C-8E866417BD8C): 0
LogDevObjectVersion:   Dev-Core (375EC13C-06E4-48FB-B500-84F0262A717E): 2
LogDevObjectVersion:   Dev-Editor (E4B068ED-F494-42E9-A231-DA0B2E46BB41): 20
LogDevObjectVersion:   Dev-Framework (CFFC743F-43B0-4480-9391-14DF171D2073): 30
LogDevObjectVersion:   Dev-Mobile (B02B49B5-BB20-44E9-A304-32B752E40360): 0
LogDevObjectVersion:   Dev-Networking (A4E4105C-59A1-49B5-A7C5-40C4547EDFEE): 0
LogDevObjectVersion:   Dev-Online (39C831C9-5AE6-47DC-9A44-9C173E1C8E7C): 0
LogDevObjectVersion:   Dev-Physics (78F01B33-EBEA-4F98-B9B4-84EACCB95AA2): 0
LogDevObjectVersion:   Dev-Platform (6631380F-2D4D-43E0-8009-CF276956A95A): 0
LogDevObjectVersion:   Dev-Rendering (12F88B9F-8875-4AFC-A67C-D90C383ABD29): 20
LogDevObjectVersion:   Dev-Sequencer (7B5AE74C-D270-4C10-A958-57980B212A5A): 4
LogDevObjectVersion:   Dev-VR (D7296918-1DD6-4BDD-9DE2-64A83CC13884): 0
LogDevObjectVersion:   Dev-LoadTimes (C2A15278-BFE7-4AFE-6C17-90FF531DF755): 1
LogDevObjectVersion:   Private-Geometry (6EACA3D4-40EC-4CC1-B786-8BED09428FC5): 1
LogDevObjectVersion:   Dev-AnimPhys (29E575DD-E0A3-4627-9D10-D276232CDCEA): 12
LogInit: Compiled (64-bit): Jan 12 2018 02:04:55
LogInit: Compiled with Visual C++: 19.00.24215.01
LogInit: Build Configuration: Development
LogInit: Branch Name: ++UE4+Release-4.18
LogInit: Command line:  
LogInit: Base directory: E:/UnrealEngine4/UE_4.18/Engine/Binaries/Win64/
LogInit: Installed Engine Build: 1
LogInit: Presizing for max 8388607 objects, including 0 objects not considered by GC, pre-allocating 0 bytes for permanent pool.
LogInit: Object subsystem initialized
[2018.02.13-09.27.43:467][  0]LogInit: Selected Device Profile: [Windows]
[2018.02.13-09.27.43:467][  0]LogInit: Applying CVar settings loaded from the selected device profile: [Windows]
[2018.02.13-09.27.43:647][  0]LogInit: Computer: DESKTOP-3HFUD1A
[2018.02.13-09.27.43:647][  0]LogInit: User: cosen
[2018.02.13-09.27.43:647][  0]LogInit: CPU Page size=4096, Cores=4
[2018.02.13-09.27.43:647][  0]LogInit: High frequency timer resolution =2.728061 MHz
[2018.02.13-09.27.43:647][  0]LogMemory: Memory total: Physical=31.9GB (32GB approx)
[2018.02.13-09.27.43:647][  0]LogMemory: Platform Memory Stats for Windows
[2018.02.13-09.27.43:647][  0]LogMemory: Process Physical Memory: 292.48 MB used, 292.48 MB peak
[2018.02.13-09.27.43:647][  0]LogMemory: Process Virtual Memory: 287.13 MB used, 287.13 MB peak
[2018.02.13-09.27.43:647][  0]LogMemory: Physical Memory: 4510.13 MB used,  28145.53 MB free, 32655.66 MB total
[2018.02.13-09.27.43:647][  0]LogMemory: Virtual Memory: 699.14 MB used,  28145.53 MB free, 134217728.00 MB total
[2018.02.13-09.27.45:330][  0]LogInit: Using OS detected language (en-US).
[2018.02.13-09.27.45:330][  0]LogInit: Using OS detected locale (en-US).
[2018.02.13-09.27.45:808][  0]LogTextLocalizationManager: No specific localization for 'en-US' exists, so the 'en' localization will be used.
[2018.02.13-09.27.47:328][  0]LogInit: Setting process to per monitor DPI aware
[2018.02.13-09.27.51:721][  0]LogD3D11RHI: D3D11 adapters:
[2018.02.13-09.27.51:763][  0]LogD3D11RHI:    0. 'AMD Radeon (TM) R9 380 Series' (Feature Level 11_0)
[2018.02.13-09.27.51:763][  0]LogD3D11RHI:       4071/0/16327 MB DedicatedVideo/DedicatedSystem/SharedSystem, Outputs:2, VendorId:0x1002
[2018.02.13-09.27.51:777][  0]LogD3D11RHI:    1. 'Intel(R) HD Graphics 4600' (Feature Level 11_0)
[2018.02.13-09.27.51:777][  0]LogD3D11RHI:       112/0/2048 MB DedicatedVideo/DedicatedSystem/SharedSystem, Outputs:0, VendorId:0x8086
[2018.02.13-09.27.51:780][  0]LogD3D11RHI:    2. 'Microsoft Basic Render Driver' (Feature Level 11_0)
[2018.02.13-09.27.51:780][  0]LogD3D11RHI:       0/0/16327 MB DedicatedVideo/DedicatedSystem/SharedSystem, Outputs:0, VendorId:0x1414
[2018.02.13-09.27.51:780][  0]LogD3D11RHI: Chosen D3D11 Adapter: 0
[2018.02.13-09.27.51:792][  0]LogD3D11RHI: Creating new Direct3DDevice
[2018.02.13-09.27.51:792][  0]LogD3D11RHI:     GPU DeviceId: 0x6939 (for the marketing name, search the web for "GPU Device Id")
[2018.02.13-09.27.51:792][  0]LogWindows: EnumDisplayDevices:
[2018.02.13-09.27.51:792][  0]LogWindows:    0. 'AMD Radeon (TM) R9 380 Series' (P:0 D:1)
[2018.02.13-09.27.51:792][  0]LogWindows:    1. 'AMD Radeon (TM) R9 380 Series' (P:1 D:1)
[2018.02.13-09.27.51:793][  0]LogWindows:    2. 'AMD Radeon (TM) R9 380 Series' (P:0 D:0)
[2018.02.13-09.27.51:793][  0]LogWindows:    3. 'AMD Radeon (TM) R9 380 Series' (P:0 D:0)
[2018.02.13-09.27.51:793][  0]LogWindows:    4. 'AMD Radeon (TM) R9 380 Series' (P:0 D:0)
[2018.02.13-09.27.51:793][  0]LogWindows:    5. 'AMD Radeon (TM) R9 380 Series' (P:0 D:0)
[2018.02.13-09.27.51:794][  0]LogWindows:    6. 'AMD Radeon (TM) R9 380 Series' (P:0 D:0)
[2018.02.13-09.27.51:794][  0]LogWindows:    7. 'AMD Radeon (TM) R9 380 Series' (P:0 D:0)
[2018.02.13-09.27.51:794][  0]LogWindows:    8. 'AMD Radeon (TM) R9 380 Series' (P:0 D:0)
[2018.02.13-09.27.51:794][  0]LogWindows:    9. 'AMD Radeon (TM) R9 380 Series' (P:0 D:0)
[2018.02.13-09.27.51:795][  0]LogWindows:    10. 'AMD Radeon (TM) R9 380 Series' (P:0 D:0)
[2018.02.13-09.27.51:795][  0]LogWindows:    11. 'AMD Radeon (TM) R9 380 Series' (P:0 D:0)
[2018.02.13-09.27.51:795][  0]LogWindows:    12. 'AMD Radeon (TM) R9 380 Series' (P:0 D:0)
[2018.02.13-09.27.51:795][  0]LogWindows:    13. 'AMD Radeon (TM) R9 380 Series' (P:0 D:0)
[2018.02.13-09.27.51:795][  0]LogWindows:    14. 'AMD Radeon (TM) R9 380 Series' (P:0 D:0)
[2018.02.13-09.27.51:796][  0]LogWindows:    15. 'AMD Radeon (TM) R9 380 Series' (P:0 D:0)
[2018.02.13-09.27.51:796][  0]LogWindows:    16. 'Intel(R) HD Graphics 4600' (P:0 D:0)
[2018.02.13-09.27.51:796][  0]LogWindows:    17. 'Intel(R) HD Graphics 4600' (P:0 D:0)
[2018.02.13-09.27.51:796][  0]LogWindows:    18. 'Intel(R) HD Graphics 4600' (P:0 D:0)
[2018.02.13-09.27.51:796][  0]LogWindows: DebugString: GetVideoDriverDetailsInvalid PrimaryIsNotTheChoosenAdapter GetVideoDriverDetailsInvalid PrimaryIsNotTheChoosenAdapter GetVideoDriverDetailsInvalid PrimaryIsNotTheChoosenAdapter GetVideoDriverDetailsInvalid PrimaryIsNotTheChoosenAdapter GetVideoDriverDetailsInvalid PrimaryIsNotTheChoosenAdapter GetVideoDriverDetailsInvalid PrimaryIsNotTheChoosenAdapter GetVideoDriverDetailsInvalid PrimaryIsNotTheChoosenAdapter GetVideoDriverDetailsInvalid PrimaryIsNotTheChoosenAdapter GetVideoDriverDetailsInvalid PrimaryIsNotTheChoosenAdapter GetVideoDriverDetailsInvalid PrimaryIsNotTheChoosenAdapter GetVideoDriverDetailsInvalid PrimaryIsNotTheChoosenAdapter GetVideoDriverDetailsInvalid PrimaryIsNotTheChoosenAdapter GetVideoDriverDetailsInvalid PrimaryIsNotTheChoosenAdapter GetVideoDriverDetailsInvalid PrimaryIsNotTheChoosenAdapter GetVideoDriverDetailsInvalid PrimaryIsNotTheChoosenAdapter GetVideoDriverDetailsInvalid PrimaryIsNotTheChoosenAdapter GetVideoDriverDetailsInvalid PrimaryIsNotTheChoosenAdapter GetVideoDriverDetailsInvalid PrimaryIsNotTheChoosenAdapter GetVideoDriverDetailsInvalid PrimaryIsNotTheChoosenAdapter FoundDriverCount:0 
[2018.02.13-09.27.51:796][  0]LogD3D11RHI:     Adapter Name: AMD Radeon (TM) R9 380 Series
[2018.02.13-09.27.51:796][  0]LogD3D11RHI:   Driver Version: Unknown (internal:Unknown, unified:Unknown)
[2018.02.13-09.27.51:797][  0]LogD3D11RHI:      Driver Date: Unknown
[2018.02.13-09.27.51:797][  0]LogRHI: Texture pool is 2850 MB (70% of 4071 MB)
[2018.02.13-09.27.52:016][  0]LogD3D11RHI: Async texture creation enabled
[2018.02.13-09.27.52:030][  0]LogD3D11RHI: GPU Timing Frequency: 27.000000 (Debug: 2 1)
[2018.02.13-09.27.52:031][  0]LogShaderCompilers: Guid format shader working directory is 29 characters bigger than the processId version (../../../../Lab02/Intermediate/Shaders/WorkingDirectory/2268/).
[2018.02.13-09.27.52:031][  0]LogShaderCompilers: Cleaned the shader compiler working directory 'C:/Users/cosen/AppData/Local/Temp/UnrealShaderWorkingDir/386DA8714AECD8650D4A8AA736BFB00D/'.
[2018.02.13-09.27.52:031][  0]LogShaderCompilers: Display: Using Local Shader Compiler.
[2018.02.13-09.27.55:558][  0]LogTemp: Display: Loaded TP AllDesktopTargetPlatform
[2018.02.13-09.27.55:604][  0]LogTemp: Display: Loaded TP MacClientTargetPlatform
[2018.02.13-09.27.55:650][  0]LogTemp: Display: Loaded TP MacNoEditorTargetPlatform
[2018.02.13-09.27.55:698][  0]LogTemp: Display: Loaded TP MacServerTargetPlatform
[2018.02.13-09.27.55:765][  0]LogTemp: Display: Loaded TP MacTargetPlatform
[2018.02.13-09.27.55:814][  0]LogTemp: Display: Loaded TP WindowsClientTargetPlatform
[2018.02.13-09.27.55:861][  0]LogTemp: Display: Loaded TP WindowsNoEditorTargetPlatform
[2018.02.13-09.27.55:908][  0]LogTemp: Display: Loaded TP WindowsServerTargetPlatform
[2018.02.13-09.27.55:948][  0]LogTemp: Display: Loaded TP WindowsTargetPlatform
[2018.02.13-09.27.55:996][  0]LogTemp: Display: Loaded TP Android_ASTCTargetPlatform
[2018.02.13-09.27.56:042][  0]LogTemp: Display: Loaded TP Android_ATCTargetPlatform
[2018.02.13-09.27.56:089][  0]LogTemp: Display: Loaded TP Android_DXTTargetPlatform
[2018.02.13-09.27.56:136][  0]LogTemp: Display: Loaded TP Android_ETC1TargetPlatform
[2018.02.13-09.27.56:181][  0]LogTemp: Display: Loaded TP Android_ETC2TargetPlatform
[2018.02.13-09.27.56:270][  0]LogTemp: Display: Loaded TP Android_MultiTargetPlatform
[2018.02.13-09.27.56:270][  0]LogTemp: Display: Loaded TP Android_PVRTCTargetPlatform
[2018.02.13-09.27.56:350][  0]LogTemp: Display: Loaded TP AndroidTargetPlatform
[2018.02.13-09.27.56:385][  0]LogTemp: Display: Loaded TP HTML5TargetPlatform
[2018.02.13-09.27.56:586][  0]LogTemp: Display: Loaded TP IOSTargetPlatform
[2018.02.13-09.27.56:628][  0]LogTemp: Display: Loaded TP TVOSTargetPlatform
[2018.02.13-09.27.56:676][  0]LogTemp: Display: Loaded TP LinuxClientTargetPlatform
[2018.02.13-09.27.56:722][  0]LogTemp: Display: Loaded TP LinuxNoEditorTargetPlatform
[2018.02.13-09.27.56:768][  0]LogTemp: Display: Loaded TP LinuxServerTargetPlatform
[2018.02.13-09.27.56:818][  0]LogTemp: Display: Loaded TP LinuxTargetPlatform
[2018.02.13-09.27.56:818][  0]LogTargetPlatformManager: Display: Building Assets For Windows
[2018.02.13-09.27.58:141][  0]LogDerivedDataCache: Display: Max Cache Size: 512 MB
[2018.02.13-09.27.58:443][  0]LogDerivedDataCache: Loaded boot cache 0.30s 78MB C:/Users/cosen/AppData/Local/UnrealEngine/4.18/DerivedDataCache/Boot.ddc.
[2018.02.13-09.27.58:443][  0]LogDerivedDataCache: Display: Loaded Boot cache: C:/Users/cosen/AppData/Local/UnrealEngine/4.18/DerivedDataCache/Boot.ddc
[2018.02.13-09.27.58:443][  0]LogDerivedDataCache: FDerivedDataBackendGraph:  Pak pak cache file ../../../../Lab02/DerivedDataCache/DDC.ddp not found, will not use a pak cache.
[2018.02.13-09.27.58:443][  0]LogDerivedDataCache: Unable to find inner node Pak for hierarchical cache Hierarchy.
[2018.02.13-09.27.58:443][  0]LogDerivedDataCache: FDerivedDataBackendGraph:  CompressedPak pak cache file ../../../../Lab02/DerivedDataCache/Compressed.ddp not found, will not use a pak cache.
[2018.02.13-09.27.58:443][  0]LogDerivedDataCache: Unable to find inner node CompressedPak for hierarchical cache Hierarchy.
[2018.02.13-09.27.58:620][  0]LogDerivedDataCache: Display: Pak cache opened for reading ../../../Engine/DerivedDataCache/Compressed.ddp.
[2018.02.13-09.27.58:635][  0]LogDerivedDataCache: Using Local data cache path C:/Users/cosen/AppData/Local/UnrealEngine/Common/DerivedDataCache: Writable
[2018.02.13-09.27.58:648][  0]LogMaterial: Verifying Global Shaders for PCD3D_SM5
[2018.02.13-09.27.58:648][  0]LogSlate: Using Freetype 2.6.0
[2018.02.13-09.27.58:780][  0]LogSlate: SlateFontCache - WITH_FREETYPE: 1, WITH_HARFBUZZ: 1
[2018.02.13-09.27.58:780][  0]LogSlate: SlateFontCache - WITH_FREETYPE: 1, WITH_HARFBUZZ: 1
[2018.02.13-09.28.06:165][  0]LogInit: Selected Device Profile: [Windows]
[2018.02.13-09.28.07:806][  0]LogSimplygon: Simplygon DLL not present - disabling.
[2018.02.13-09.28.07:889][  0]LogMeshReduction: Using SimplygonSwarm for distributed automatic mesh merging
[2018.02.13-09.28.07:901][  0]LogMeshReduction: Using QuadricMeshReduction for automatic static mesh reduction
[2018.02.13-09.28.07:902][  0]LogMeshReduction: No automatic skeletal mesh reduction module available
[2018.02.13-09.28.07:902][  0]LogMeshReduction: No automatic mesh merging module available
[2018.02.13-09.28.07:902][  0]LogMeshMerging: No automatic mesh merging module available
[2018.02.13-09.28.08:230][  0]LogNetVersion: Lab02 , NetCL: 3709383, EngineNetVer: 2, GameNetVer: 0 (Checksum: 3962595357)
[2018.02.13-09.28.09:433][  0]LogAssetRegistry: FAssetRegistry took 0.0263 seconds to start up
[2018.02.13-09.28.19:847][  0]LogAssetRegistry: Error: Failed to open file for write ../../../../Lab02/Intermediate/AssetRegistryCache/2657c409.bin
[2018.02.13-09.28.19:878][  0]LogAssetRegistry: Error: Failed to open file for write ../../../../Lab02/Intermediate/AssetRegistryCache/94c5d5a7.bin
[2018.02.13-09.28.19:884][  0]LogAssetRegistry: Error: Failed to open file for write ../../../../Lab02/Intermediate/AssetRegistryCache/8c0e1344.bin
[2018.02.13-09.28.19:893][  0]LogAssetRegistry: Error: Failed to open file for write ../../../../Lab02/Intermediate/AssetRegistryCache/52ed2538.bin
[2018.02.13-09.28.19:917][  0]LogAssetRegistry: Error: Failed to open file for write ../../../../Lab02/Intermediate/AssetRegistryCache/1f683343.bin
[2018.02.13-09.28.19:920][  0]LogPackageLocalizationCache: Processed 7 localized package path(s) for 2 prioritized culture(s) in 0.228562 seconds
[2018.02.13-09.28.19:926][  0]LogUObjectArray: 35870 objects as part of root set at end of initial load.
[2018.02.13-09.28.19:926][  0]LogUObjectAllocator: 7363704 out of 0 bytes used by permanent object pool.
[2018.02.13-09.28.19:926][  0]LogUObjectArray: CloseDisregardForGC: 0/0 objects in disregard for GC pool
[2018.02.13-09.28.19:969][  0]LogInit: WinSock: version 1.1 (2.2), MaxSocks=32767, MaxUdp=65467
[2018.02.13-09.28.50:614][  0]LogAssetRegistry: Error: Failed to open file for write ../../../../Lab02/Intermediate/CachedAssetRegistry.bin
[2018.02.13-09.28.51:439][  0]LogTcpMessaging: Initializing TcpMessaging bridge
[2018.02.13-09.28.51:479][  0]LogUdpMessaging: Initializing bridge on interface 0.0.0.0:0 to multicast group 230.0.0.1:6666.
[2018.02.13-09.28.52:402][  0]LogConfig: Warning: Failed to saved backup for config[TranslationPickerSettings]
[2018.02.13-09.28.52:824][  0]LogMaterial: Uniform references updated for custom material expression Custom.
[2018.02.13-09.28.53:550][  0]SourceControl: Source control is disabled
[2018.02.13-09.28.55:899][  0]LogAndroidPermission: UAndroidPermissionCallbackProxy::GetInstance
[2018.02.13-09.28.56:218][  0]LogOcInput: OculusInput pre-init called
[2018.02.13-09.28.56:731][  0]LogEngine: Initializing Engine...
[2018.02.13-09.28.56:734][  0]LogHMD: Failed to initialize OpenVR with code 110
[2018.02.13-09.28.57:704][  0]LogStats: UGameplayTagsManager::ConstructGameplayTagTree: Construct from data asset -  0.000 s
[2018.02.13-09.28.57:704][  0]LogStats: UGameplayTagsManager::ConstructGameplayTagTree: GameplayTagTreeChangedEvent.Broadcast -  0.000 s
[2018.02.13-09.28.57:875][  0]LogAIModule: Creating AISystem for world Untitled
[2018.02.13-09.28.57:900][  0]LogInit: XAudio2 using 'Speakers (Sound Blaster Recon3Di)' : 2 channels at 48 kHz using 32 bits per sample (channel mask 0x3)
[2018.02.13-09.28.57:918][  0]LogInit: FAudioDevice initialized.
[2018.02.13-09.28.58:017][  0]LogDerivedDataCache: Saved boot cache 0.10s 78MB C:/Users/cosen/AppData/Local/UnrealEngine/4.18/DerivedDataCache/Boot.ddc.
[2018.02.13-09.28.58:032][  0]LogInit: Texture streaming: Enabled
[2018.02.13-09.28.58:121][  0]LogEngineSessionManager: EngineSessionManager initialized
[2018.02.13-09.28.58:263][  0]LogInit: Transaction tracking system initialized
[2018.02.13-09.28.58:572][  0]BlueprintLog: New page: Editor Load
[2018.02.13-09.29.00:314][  0]LocalizationService: Localization service is disabled
[2018.02.13-09.29.01:789][  0]LogConsoleResponse: Display: 
[2018.02.13-09.29.05:284][  0]LogCook: Display: Max memory allowance for cook 16384mb min free memory 0mb
[2018.02.13-09.29.05:285][  0]LogCook: Display: Mobile HDR setting 1
[2018.02.13-09.29.05:285][  0]LogGameplayTags: Display: UGameplayTagsManager::DoneAddingNativeTags. DelegateIsBound: 0
[2018.02.13-09.29.05:295][  0]LogFileCache: Scanning file cache for directory 'E:/UnrealEngine4/Lab02/Content/' took 0.07s
[2018.02.13-09.29.07:651][  0]Cmd: MAP LOAD FILE="../../../../Lab02/Content/FirstPersonBP/Maps/FirstPersonExampleMap.umap" TEMPLATE=0 SHOWPROGRESS=1 FEATURELEVEL=3
[2018.02.13-09.29.07:652][  0]LightingResults: New page: Lighting Build
[2018.02.13-09.29.07:690][  0]MapCheck: New page: Map Check
[2018.02.13-09.29.07:690][  0]LightingResults: New page: Lighting Build
[2018.02.13-09.29.12:145][  0]LogAIModule: Creating AISystem for world FirstPersonExampleMap
[2018.02.13-09.29.13:801][  0]LogEditorServer: Finished looking for orphan Actors (0.000 secs)
[2018.02.13-09.29.13:832][  0]Cmd: MAP CHECKDEP NOCLEARLOG
[2018.02.13-09.29.13:894][  0]MapCheck: Map check complete: 0 Error(s), 0 Warning(s), took 61.34ms to complete.
[2018.02.13-09.29.13:894][  0]LogFileHelpers: Loading map 'FirstPersonExampleMap' took 6.243
[2018.02.13-09.29.14:327][  0]LogCollectionManager: Loaded 0 collections in 0.001990 seconds
[2018.02.13-09.29.14:443][  0]LogFileCache: Scanning file cache for directory 'E:/UnrealEngine4/Lab02/Saved/Collections/' took 0.01s
[2018.02.13-09.29.14:443][  0]LogFileCache: Scanning file cache for directory 'E:/UnrealEngine4/Lab02/Content/Developers/cosen/Collections/' took 0.01s
[2018.02.13-09.29.14:443][  0]LogFileCache: Scanning file cache for directory 'E:/UnrealEngine4/Lab02/Content/Collections/' took 0.01s
[2018.02.13-09.29.14:443][  0]LogCollectionManager: Rebuilt the GUID cache for 0 collections in 0.000000 seconds
[2018.02.13-09.29.14:453][  0]LogContentBrowser: Native class hierarchy populated in 0.0095 seconds. Added 2363 classes and 519 folders.
[2018.02.13-09.29.14:512][  0]LogContentBrowser: Native class hierarchy updated for 'WidgetCarousel' in 0.0003 seconds. Added 0 classes and 0 folders.
[2018.02.13-09.29.17:049][  0]LogContentBrowser: Native class hierarchy updated for 'AddContentDialog' in 0.0003 seconds. Added 0 classes and 0 folders.
[2018.02.13-09.29.17:133][  0]LogContentBrowser: Native class hierarchy updated for 'SceneOutliner' in 0.0003 seconds. Added 1 classes and 2 folders.
[2018.02.13-09.29.17:202][  0]LogSlate: Took 0.021991 seconds to synchronously load lazily loaded font '../../../Engine/Content/Slate/Fonts/Roboto-Regular.ttf' (155K)
[2018.02.13-09.29.17:221][  0]LogSlate: Took 0.016407 seconds to synchronously load lazily loaded font '../../../Engine/Content/Slate/Fonts/Roboto-Bold.ttf' (160K)
[2018.02.13-09.29.17:245][  0]LogSlate: Took 0.018629 seconds to synchronously load lazily loaded font '../../../Engine/Content/Editor/Slate/Fonts/FontAwesome.ttf' (139K)
[2018.02.13-09.29.17:614][  0]LogRenderer: Reallocating scene render targets to support 740x352 Format 10 NumSamples 1 (Frame:1).
[2018.02.13-09.29.17:710][  0]LogSlate: Took 0.005911 seconds to synchronously load lazily loaded font '../../../Engine/Content/Slate/Fonts/Roboto-Light.ttf' (159K)
[2018.02.13-09.29.18:025][  0]LogContentBrowser: Native class hierarchy updated for 'HierarchicalLODOutliner' in 0.0003 seconds. Added 1 classes and 2 folders.
[2018.02.13-09.29.18:025][  0]LogLoad: (Engine Initialization) Total time: 112.77 seconds
[2018.02.13-09.29.18:025][  0]LogLoad: (Engine Initialization) Total Blueprint compile time: 0.00 seconds
[2018.02.13-09.29.18:025][  0]LogExternalProfiler: No external profilers were discovered.  External profiling features will not be available.
[2018.02.13-09.29.18:403][  0]SourceControl: On branch master
[2018.02.13-09.29.18:403][  0]SourceControl: Your branch is up to date with 'origin/master'.
[2018.02.13-09.29.18:403][  0]SourceControl: Changes not staged for commit:
[2018.02.13-09.29.18:403][  0]SourceControl:   (use "git add <file>..." to update what will be committed)
[2018.02.13-09.29.18:403][  0]SourceControl:   (use "git checkout -- <file>..." to discard changes in working directory)
[2018.02.13-09.29.18:403][  0]SourceControl: 	modified:   Intermediate/CachedAssetRegistry.bin
[2018.02.13-09.29.18:403][  0]SourceControl: 	modified:   Saved/Logs/Lab02.log
[2018.02.13-09.29.18:403][  0]SourceControl: 	modified:   Saved/Logs/Lab02_2.log
[2018.02.13-09.29.18:403][  0]SourceControl: Untracked files:
[2018.02.13-09.29.18:403][  0]SourceControl:   (use "git add <file>..." to include in what will be committed)
[2018.02.13-09.29.18:403][  0]SourceControl: 	Saved/Config/CrashReportClient/UE4CC-Windows-433EFE9B4C116A80037B0692197C1514/
[2018.02.13-09.29.18:403][  0]SourceControl: 	Saved/Config/CrashReportClient/UE4CC-Windows-86818C6040268679E9BE4191F47860E3/
[2018.02.13-09.29.18:403][  0]SourceControl: 	Saved/Logs/Lab02-backup-2018.02.13-04.27.35.log
[2018.02.13-09.29.18:403][  0]SourceControl: 	Saved/Logs/Lab02_2-backup-2018.02.13-04.27.35.log
[2018.02.13-09.29.18:403][  0]SourceControl: no changes added to commit (use "git add" and/or "git commit -a")
[2018.02.13-09.29.18:405][  0]LogContentStreaming: Texture pool size now 1000 MB
[2018.02.13-09.29.19:163][  2]LogAssetRegistry: Asset discovery search completed in 69.7526 seconds
[2018.02.13-09.29.19:165][  2]LogCollectionManager: Rebuilt the object cache for 0 collections in 0.000000 seconds (found 0 objects)
[2018.02.13-09.29.19:166][  2]LogCollectionManager: Fixed up redirectors for 0 collections in 0.000060 seconds (updated 0 objects)
