Log file open, 02/13/18 04:27:36
LogWindows: Failed to load 'aqProf.dll' (GetLastError=126)
LogWindows: File 'aqProf.dll' does not exist
LogWindows: Failed to load 'VSPerf140.dll' (GetLastError=126)
LogWindows: File 'VSPerf140.dll' does not exist
LogWindows: Failed to load 'VtuneApi.dll' (GetLastError=126)
LogWindows: File 'VtuneApi.dll' does not exist
LogWindows: Failed to load 'VtuneApi32e.dll' (GetLastError=126)
LogWindows: File 'VtuneApi32e.dll' does not exist
LogInit: Display: Running engine for game: Lab02
LogPlatformFile: Not using cached read wrapper
LogInit: Display: RandInit(858337553) SRandInit(858337553).
LogInit: Read version file with build ID '3709383'
LogInit: Overriding engine version to CL 3832480, compatible CL 3709383
LogInit: Registered custom module enumerator with build ID '3709383'
LogTaskGraph: Started task graph with 5 named threads and 14 total threads with 3 sets of task threads.
LogStats: Stats thread started at 4.184646
LogD3D11RHI: Aftermath initialized
LogConfig: Warning: Failed to saved backup for config[Game]
LogConfig: Warning: Failed to saved backup for config[Input]
LogConfig: Warning: Failed to saved backup for config[Editor]
LogConfig: Warning: Failed to saved backup for config[EditorPerProjectUserSettings]
LogConfig: Warning: Failed to saved backup for config[EditorSettings]
LogConfig: Warning: Failed to saved backup for config[EditorKeyBindings]
LogConfig: Warning: Failed to saved backup for config[Compat]
LogConfig: Warning: Failed to saved backup for config[Scalability]
LogConfig: Warning: Failed to saved backup for config[Hardware]
LogModuleManager: Display: Found up-to-date module file ../../../Engine/Plugins/2D/Paper2D/Binaries/Win64/UE4Editor-Paper2D.dll (API version 3709383).
LogModuleManager: Display: Found up-to-date module file ../../../Engine/Plugins/2D/Paper2D/Binaries/Win64/UE4Editor-Paper2DEditor.dll (API version 3709383).
LogModuleManager: Display: Found up-to-date module file ../../../Engine/Plugins/2D/Paper2D/Binaries/Win64/UE4Editor-PaperSpriteSheetImporter.dll (API version 3709383).
LogModuleManager: Display: Found up-to-date module file ../../../Engine/Plugins/2D/Paper2D/Binaries/Win64/UE4Editor-PaperTiledImporter.dll (API version 3709383).
LogModuleManager: Display: Found up-to-date module file ../../../Engine/Plugins/2D/Paper2D/Binaries/Win64/UE4Editor-SmartSnapping.dll (API version 3709383).
LogModuleManager: Display: Found up-to-date module file ../../../Engine/Plugins/Blendables/LightPropagationVolume/Binaries/Win64/UE4Editor-LightPropagationVolumeRuntime.dll (API version 3709383).
LogModuleManager: Display: Found up-to-date module file ../../../Engine/Plugins/Blendables/LightPropagationVolume/Binaries/Win64/UE4Editor-LightPropagationVolumeEditor.dll (API version 3709383).
LogModuleManager: Display: Found up-to-date module file ../../../Engine/Plugins/Developer/GitSourceControl/Binaries/Win64/UE4Editor-GitSourceControl.dll (API version 3709383).
LogModuleManager: Display: Found up-to-date module file ../../../Engine/Plugins/Developer/PerforceSourceControl/Binaries/Win64/UE4Editor-PerforceSourceControl.dll (API version 3709383).
LogModuleManager: Display: Found up-to-date module file ../../../Engine/Plugins/Developer/SubversionSourceControl/Binaries/Win64/UE4Editor-SubversionSourceControl.dll (API version 3709383).
LogModuleManager: Display: Found up-to-date module file ../../../Engine/Plugins/Developer/UObjectPlugin/Binaries/Win64/UE4Editor-UObjectPlugin.dll (API version 3709383).
LogModuleManager: Display: Found up-to-date module file ../../../Engine/Plugins/Developer/VisualStudioCodeSourceCodeAccess/Binaries/Win64/UE4Editor-VisualStudioCodeSourceCodeAccess.dll (API version 3709383).
LogModuleManager: Display: Found up-to-date module file ../../../Engine/Plugins/Developer/VisualStudioSourceCodeAccess/Binaries/Win64/UE4Editor-VisualStudioSourceCodeAccess.dll (API version 3709383).
LogModuleManager: Display: Found up-to-date module file ../../../Engine/Plugins/Editor/AssetManagerEditor/Binaries/Win64/UE4Editor-AssetManagerEditor.dll (API version 3709383).
LogModuleManager: Display: Found up-to-date module file ../../../Engine/Plugins/Editor/AudioCapture/Binaries/Win64/UE4Editor-AudioCapture.dll (API version 3709383).
LogModuleManager: Display: Found up-to-date module file ../../../Engine/Plugins/Editor/FacialAnimation/Binaries/Win64/UE4Editor-FacialAnimation.dll (API version 3709383).
LogModuleManager: Display: Found up-to-date module file ../../../Engine/Plugins/Editor/FacialAnimation/Binaries/Win64/UE4Editor-FacialAnimationEditor.dll (API version 3709383).
LogModuleManager: Display: Found up-to-date module file ../../../Engine/Plugins/Editor/GameplayTagsEditor/Binaries/Win64/UE4Editor-GameplayTagsEditor.dll (API version 3709383).
LogModuleManager: Display: Found up-to-date module file ../../../Engine/Plugins/Editor/MobileLauncherProfileWizard/Binaries/Win64/UE4Editor-MobileLauncherProfileWizard.dll (API version 3709383).
LogModuleManager: Display: Found up-to-date module file ../../../Engine/Plugins/Editor/PluginBrowser/Binaries/Win64/UE4Editor-PluginBrowser.dll (API version 3709383).
LogModuleManager: Display: Found up-to-date module file ../../../Engine/Plugins/Editor/SpeedTreeImporter/Binaries/Win64/UE4Editor-SpeedTreeImporter.dll (API version 3709383).
LogModuleManager: Display: Found up-to-date module file ../../../Engine/Plugins/Experimental/AlembicImporter/Binaries/Win64/UE4Editor-AlembicImporter.dll (API version 3709383).
LogModuleManager: Display: Found up-to-date module file ../../../Engine/Plugins/Experimental/AlembicImporter/Binaries/Win64/UE4Editor-AlembicLibrary.dll (API version 3709383).
LogModuleManager: Display: Found up-to-date module file ../../../Engine/Plugins/Experimental/CharacterAI/Binaries/Win64/UE4Editor-CharacterAI.dll (API version 3709383).
LogModuleManager: Display: Found up-to-date module file ../../../Engine/Plugins/Experimental/HTML5Networking/Binaries/Win64/UE4Editor-HTML5Networking.dll (API version 3709383).
LogModuleManager: Display: Found up-to-date module file ../../../Engine/Plugins/Media/AndroidMedia/Binaries/Win64/UE4Editor-AndroidMediaEditor.dll (API version 3709383).
LogModuleManager: Display: Found up-to-date module file ../../../Engine/Plugins/Media/AndroidMedia/Binaries/Win64/UE4Editor-AndroidMediaFactory.dll (API version 3709383).
LogModuleManager: Display: Found up-to-date module file ../../../Engine/Plugins/Media/AvfMedia/Binaries/Win64/UE4Editor-AvfMediaEditor.dll (API version 3709383).
LogModuleManager: Display: Found up-to-date module file ../../../Engine/Plugins/Media/AvfMedia/Binaries/Win64/UE4Editor-AvfMediaFactory.dll (API version 3709383).
LogModuleManager: Display: Found up-to-date module file ../../../Engine/Plugins/Media/AvfMedia/Binaries/Win64/UE4Editor-AvfMediaFactory.dll (API version 3709383).
LogModuleManager: Display: Found up-to-date module file ../../../Engine/Plugins/Media/ImgMedia/Binaries/Win64/UE4Editor-ImgMedia.dll (API version 3709383).
LogModuleManager: Display: Found up-to-date module file ../../../Engine/Plugins/Media/ImgMedia/Binaries/Win64/UE4Editor-ImgMediaEditor.dll (API version 3709383).
LogModuleManager: Display: Found up-to-date module file ../../../Engine/Plugins/Media/ImgMedia/Binaries/Win64/UE4Editor-ImgMediaFactory.dll (API version 3709383).
LogModuleManager: Display: Found up-to-date module file ../../../Engine/Plugins/Media/ImgMedia/Binaries/Win64/UE4Editor-ImgMediaFactory.dll (API version 3709383).
LogModuleManager: Display: Found up-to-date module file ../../../Engine/Plugins/Media/ImgMedia/Binaries/Win64/UE4Editor-OpenExrWrapper.dll (API version 3709383).
LogModuleManager: Display: Found up-to-date module file ../../../Engine/Plugins/Media/MediaCompositing/Binaries/Win64/UE4Editor-MediaCompositing.dll (API version 3709383).
LogModuleManager: Display: Found up-to-date module file ../../../Engine/Plugins/Media/MediaCompositing/Binaries/Win64/UE4Editor-MediaCompositingEditor.dll (API version 3709383).
LogModuleManager: Display: Found up-to-date module file ../../../Engine/Plugins/Media/MediaPlayerEditor/Binaries/Win64/UE4Editor-MediaPlayerEditor.dll (API version 3709383).
LogModuleManager: Display: Found up-to-date module file ../../../Engine/Plugins/Media/WmfMedia/Binaries/Win64/UE4Editor-WmfMedia.dll (API version 3709383).
LogModuleManager: Display: Found up-to-date module file ../../../Engine/Plugins/Media/WmfMedia/Binaries/Win64/UE4Editor-WmfMediaEditor.dll (API version 3709383).
LogModuleManager: Display: Found up-to-date module file ../../../Engine/Plugins/Media/WmfMedia/Binaries/Win64/UE4Editor-WmfMediaFactory.dll (API version 3709383).
LogModuleManager: Display: Found up-to-date module file ../../../Engine/Plugins/Media/WmfMedia/Binaries/Win64/UE4Editor-WmfMediaFactory.dll (API version 3709383).
LogModuleManager: Display: Found up-to-date module file ../../../Engine/Plugins/Messaging/TcpMessaging/Binaries/Win64/UE4Editor-TcpMessaging.dll (API version 3709383).
LogModuleManager: Display: Found up-to-date module file ../../../Engine/Plugins/Messaging/UdpMessaging/Binaries/Win64/UE4Editor-UdpMessaging.dll (API version 3709383).
LogModuleManager: Display: Found up-to-date module file ../../../Engine/Plugins/MovieScene/ActorSequence/Binaries/Win64/UE4Editor-ActorSequence.dll (API version 3709383).
LogModuleManager: Display: Found up-to-date module file ../../../Engine/Plugins/MovieScene/LevelSequenceEditor/Binaries/Win64/UE4Editor-LevelSequenceEditor.dll (API version 3709383).
LogModuleManager: Display: Found up-to-date module file ../../../Engine/Plugins/MovieScene/MatineeToLevelSequence/Binaries/Win64/UE4Editor-MatineeToLevelSequence.dll (API version 3709383).
LogModuleManager: Display: Found up-to-date module file ../../../Engine/Plugins/Online/OnlineSubsystem/Binaries/Win64/UE4Editor-OnlineSubsystem.dll (API version 3709383).
LogModuleManager: Display: Found up-to-date module file ../../../Engine/Plugins/Runtime/AndroidPermission/Binaries/Win64/UE4Editor-AndroidPermission.dll (API version 3709383).
LogModuleManager: Display: Found up-to-date module file ../../../Engine/Plugins/Online/OnlineSubsystemNull/Binaries/Win64/UE4Editor-OnlineSubsystemNull.dll (API version 3709383).
LogModuleManager: Display: Found up-to-date module file ../../../Engine/Plugins/Online/OnlineSubsystemUtils/Binaries/Win64/UE4Editor-OnlineSubsystemUtils.dll (API version 3709383).
LogModuleManager: Display: Found up-to-date module file ../../../Engine/Plugins/Online/OnlineSubsystemUtils/Binaries/Win64/UE4Editor-OnlineBlueprintSupport.dll (API version 3709383).
LogModuleManager: Display: Found up-to-date module file ../../../Engine/Plugins/Runtime/AndroidDeviceProfileSelector/Binaries/Win64/UE4Editor-AndroidDeviceProfileSelector.dll (API version 3709383).
LogModuleManager: Display: Found up-to-date module file ../../../Engine/Plugins/Runtime/AppleARKit/Binaries/Win64/UE4Editor-AppleARKit.dll (API version 3709383).
LogModuleManager: Display: Found up-to-date module file ../../../Engine/Plugins/Runtime/ArchVisCharacter/Binaries/Win64/UE4Editor-ArchVisCharacter.dll (API version 3709383).
LogModuleManager: Display: Found up-to-date module file ../../../Engine/Plugins/Runtime/CableComponent/Binaries/Win64/UE4Editor-CableComponent.dll (API version 3709383).
LogModuleManager: Display: Found up-to-date module file ../../../Engine/Plugins/Runtime/CustomMeshComponent/Binaries/Win64/UE4Editor-CustomMeshComponent.dll (API version 3709383).
LogModuleManager: Display: Found up-to-date module file ../../../Engine/Plugins/Runtime/ExampleDeviceProfileSelector/Binaries/Win64/UE4Editor-ExampleDeviceProfileSelector.dll (API version 3709383).
LogModuleManager: Display: Found up-to-date module file ../../../Engine/Plugins/Runtime/ImmediatePhysics/Binaries/Win64/UE4Editor-ImmediatePhysics.dll (API version 3709383).
LogModuleManager: Display: Found up-to-date module file ../../../Engine/Plugins/Runtime/ImmediatePhysics/Binaries/Win64/UE4Editor-ImmediatePhysicsEditor.dll (API version 3709383).
LogModuleManager: Display: Found up-to-date module file ../../../Engine/Plugins/Runtime/LocationServicesBPLibrary/Binaries/Win64/UE4Editor-LocationServicesBPLibrary.dll (API version 3709383).
LogModuleManager: Display: Found up-to-date module file ../../../Engine/Plugins/Runtime/MobilePatchingUtils/Binaries/Win64/UE4Editor-MobilePatchingUtils.dll (API version 3709383).
LogModuleManager: Display: Found up-to-date module file ../../../Engine/Plugins/Runtime/Oculus/OculusVR/Binaries/Win64/UE4Editor-OculusHMD.dll (API version 3709383).
LogModuleManager: Display: Found up-to-date module file ../../../Engine/Plugins/Runtime/Oculus/OculusVR/Binaries/Win64/UE4Editor-OculusInput.dll (API version 3709383).
LogModuleManager: Display: Found up-to-date module file ../../../Engine/Plugins/Runtime/Oculus/OculusVR/Binaries/Win64/UE4Editor-OculusEditor.dll (API version 3709383).
LogModuleManager: Display: Found up-to-date module file ../../../Engine/Plugins/Runtime/PhysXVehicles/Binaries/Win64/UE4Editor-PhysXVehicles.dll (API version 3709383).
LogModuleManager: Display: Found up-to-date module file ../../../Engine/Plugins/Runtime/PhysXVehicles/Binaries/Win64/UE4Editor-PhysXVehiclesEditor.dll (API version 3709383).
LogModuleManager: Display: Found up-to-date module file ../../../Engine/Plugins/Runtime/ProceduralMeshComponent/Binaries/Win64/UE4Editor-ProceduralMeshComponent.dll (API version 3709383).
LogModuleManager: Display: Found up-to-date module file ../../../Engine/Plugins/Runtime/ProceduralMeshComponent/Binaries/Win64/UE4Editor-ProceduralMeshComponentEditor.dll (API version 3709383).
LogModuleManager: Display: Found up-to-date module file ../../../Engine/Plugins/Runtime/RuntimePhysXCooking/Binaries/Win64/UE4Editor-RuntimePhysXCooking.dll (API version 3709383).
LogModuleManager: Display: Found up-to-date module file ../../../Engine/Plugins/Runtime/Steam/SteamVR/Binaries/Win64/UE4Editor-SteamVR.dll (API version 3709383).
LogModuleManager: Display: Found up-to-date module file ../../../Engine/Plugins/Runtime/Steam/SteamVR/Binaries/Win64/UE4Editor-SteamVRController.dll (API version 3709383).
LogModuleManager: Display: Found up-to-date module file ../../../Engine/Plugins/Runtime/WindowsMoviePlayer/Binaries/Win64/UE4Editor-WindowsMoviePlayer.dll (API version 3709383).
LogPluginManager: Mounting plugin Paper2D
LogPluginManager: Mounting plugin LightPropagationVolume
LogConfig: Warning: Failed to saved backup for config[LightPropagationVolume]
LogPluginManager: Mounting plugin CodeLiteSourceCodeAccess
LogPluginManager: Mounting plugin GitSourceControl
LogConfig: Warning: Failed to saved backup for config[GitSourceControl]
LogPluginManager: Mounting plugin KDevelopSourceCodeAccess
LogPluginManager: Mounting plugin NullSourceCodeAccess
LogPluginManager: Mounting plugin PerforceSourceControl
LogPluginManager: Mounting plugin SubversionSourceControl
LogConfig: Warning: Failed to saved backup for config[SubversionSourceControl]
LogPluginManager: Mounting plugin UObjectPlugin
LogPluginManager: Mounting plugin VisualStudioCodeSourceCodeAccess
LogPluginManager: Mounting plugin VisualStudioSourceCodeAccess
LogConfig: Warning: Failed to saved backup for config[VisualStudioSourceCodeAccess]
LogPluginManager: Mounting plugin XCodeSourceCodeAccess
LogPluginManager: Mounting plugin AssetManagerEditor
LogPluginManager: Mounting plugin AudioCapture
LogPluginManager: Mounting plugin FacialAnimation
LogPluginManager: Mounting plugin GameplayTagsEditor
LogPluginManager: Mounting plugin MobileLauncherProfileWizard
LogPluginManager: Mounting plugin PluginBrowser
LogConfig: Warning: Failed to saved backup for config[PluginBrowser]
LogPluginManager: Mounting plugin SpeedTreeImporter
LogPluginManager: Mounting plugin AlembicImporter
LogConfig: Warning: Failed to saved backup for config[AlembicImporter]
LogPluginManager: Mounting plugin CharacterAI
LogPluginManager: Mounting plugin HTML5Networking
LogPluginManager: Mounting plugin AndroidMedia
LogConfig: Warning: Failed to saved backup for config[AndroidMedia]
LogPluginManager: Mounting plugin AvfMedia
LogPluginManager: Mounting plugin ImgMedia
LogPluginManager: Mounting plugin MediaCompositing
LogPluginManager: Mounting plugin MediaPlayerEditor
LogPluginManager: Mounting plugin WmfMedia
LogPluginManager: Mounting plugin TcpMessaging
LogPluginManager: Mounting plugin UdpMessaging
LogPluginManager: Mounting plugin ActorSequence
LogPluginManager: Mounting plugin LevelSequenceEditor
LogPluginManager: Mounting plugin MatineeToLevelSequence
LogPluginManager: Mounting plugin OnlineSubsystemGooglePlay
LogPluginManager: Mounting plugin OnlineSubsystemIOS
LogConfig: Warning: Failed to saved backup for config[OnlineSubsystemIOS]
LogPluginManager: Mounting plugin OnlineSubsystem
LogPluginManager: Mounting plugin OnlineSubsystemNull
LogPluginManager: Mounting plugin OnlineSubsystemUtils
LogPluginManager: Mounting plugin AndroidDeviceProfileSelector
LogPluginManager: Mounting plugin AndroidMoviePlayer
LogPluginManager: Mounting plugin AndroidPermission
LogPluginManager: Mounting plugin AppleARKit
LogPluginManager: Mounting plugin AppleMoviePlayer
LogPluginManager: Mounting plugin ArchVisCharacter
LogPluginManager: Mounting plugin CableComponent
LogPluginManager: Mounting plugin CustomMeshComponent
LogPluginManager: Mounting plugin ExampleDeviceProfileSelector
LogPluginManager: Mounting plugin GoogleCloudMessaging
LogPluginManager: Mounting plugin ImmediatePhysics
LogConfig: Warning: Failed to saved backup for config[ImmediatePhysics]
LogPluginManager: Mounting plugin IOSDeviceProfileSelector
LogPluginManager: Mounting plugin LinuxDeviceProfileSelector
LogPluginManager: Mounting plugin LocationServicesBPLibrary
LogPluginManager: Mounting plugin MobilePatchingUtils
LogPluginManager: Mounting plugin OculusVR
LogPluginManager: Plugin shader directory ../../../Engine/Plugins/Runtime/Oculus/OculusVR/Shaders found
LogPluginManager: Mapping shader source directory ../../../Engine/Plugins/Runtime/Oculus/OculusVR/Shaders to virtual directory /Plugin/OculusVR
LogConfig: Warning: Failed to saved backup for config[OculusVR]
LogPluginManager: Mounting plugin PhysXVehicles
LogPluginManager: Mounting plugin ProceduralMeshComponent
LogPluginManager: Mounting plugin RuntimePhysXCooking
LogPluginManager: Mounting plugin SteamVR
LogPluginManager: Mounting plugin WindowsMoviePlayer
LogInit: Using libcurl 7.47.1
LogInit:  - built for x86_64-pc-win32
LogInit:  - supports SSL with OpenSSL/1.0.2g
LogInit:  - supports HTTP deflate (compression) using libz 1.2.8
LogInit:  - other features:
LogInit:      CURL_VERSION_SSL
LogInit:      CURL_VERSION_LIBZ
LogInit:      CURL_VERSION_IPV6
LogInit:      CURL_VERSION_ASYNCHDNS
LogInit:      CURL_VERSION_LARGEFILE
LogInit:      CURL_VERSION_IDN
LogInit:  CurlRequestOptions (configurable via config and command line):
LogInit:  - bVerifyPeer = false  - Libcurl will NOT verify peer certificate
LogInit:  - bUseHttpProxy = false  - Libcurl will NOT use HTTP proxy
LogInit:  - bDontReuseConnections = false  - Libcurl will reuse connections
LogInit:  - CertBundlePath = nullptr  - Libcurl will use whatever was configured at build time.
LogInit: Build: ++UE4+Release-4.18-CL-3832480
LogInit: Engine Version: 4.18.3-3832480+++UE4+Release-4.18
LogInit: Compatible Engine Version: 4.18.0-3709383+++UE4+Release-4.18
LogInit: Net CL: 3709383
LogDevObjectVersion: Number of dev versions registered: 16
LogDevObjectVersion:   Dev-Blueprints (B0D832E4-1F89-4F0D-ACCF-7EB736FD4AA2): 10
LogDevObjectVersion:   Dev-Build (E1C64328-A22C-4D53-A36C-8E866417BD8C): 0
LogDevObjectVersion:   Dev-Core (375EC13C-06E4-48FB-B500-84F0262A717E): 2
LogDevObjectVersion:   Dev-Editor (E4B068ED-F494-42E9-A231-DA0B2E46BB41): 20
LogDevObjectVersion:   Dev-Framework (CFFC743F-43B0-4480-9391-14DF171D2073): 30
LogDevObjectVersion:   Dev-Mobile (B02B49B5-BB20-44E9-A304-32B752E40360): 0
LogDevObjectVersion:   Dev-Networking (A4E4105C-59A1-49B5-A7C5-40C4547EDFEE): 0
LogDevObjectVersion:   Dev-Online (39C831C9-5AE6-47DC-9A44-9C173E1C8E7C): 0
LogDevObjectVersion:   Dev-Physics (78F01B33-EBEA-4F98-B9B4-84EACCB95AA2): 0
LogDevObjectVersion:   Dev-Platform (6631380F-2D4D-43E0-8009-CF276956A95A): 0
LogDevObjectVersion:   Dev-Rendering (12F88B9F-8875-4AFC-A67C-D90C383ABD29): 20
LogDevObjectVersion:   Dev-Sequencer (7B5AE74C-D270-4C10-A958-57980B212A5A): 4
LogDevObjectVersion:   Dev-VR (D7296918-1DD6-4BDD-9DE2-64A83CC13884): 0
LogDevObjectVersion:   Dev-LoadTimes (C2A15278-BFE7-4AFE-6C17-90FF531DF755): 1
LogDevObjectVersion:   Private-Geometry (6EACA3D4-40EC-4CC1-B786-8BED09428FC5): 1
LogDevObjectVersion:   Dev-AnimPhys (29E575DD-E0A3-4627-9D10-D276232CDCEA): 12
LogInit: Compiled (64-bit): Jan 12 2018 02:04:55
LogInit: Compiled with Visual C++: 19.00.24215.01
LogInit: Build Configuration: Development
LogInit: Branch Name: ++UE4+Release-4.18
LogInit: Command line:  
LogInit: Base directory: E:/UnrealEngine4/UE_4.18/Engine/Binaries/Win64/
LogInit: Installed Engine Build: 1
LogInit: Presizing for max 8388607 objects, including 0 objects not considered by GC, pre-allocating 0 bytes for permanent pool.
LogInit: Object subsystem initialized
[2018.02.13-09.27.43:467][  0]LogInit: Selected Device Profile: [Windows]
[2018.02.13-09.27.43:467][  0]LogInit: Applying CVar settings loaded from the selected device profile: [Windows]
[2018.02.13-09.27.43:595][  0]LogConfig: Warning: Failed to saved backup for config[DeviceProfiles]
[2018.02.13-09.27.43:647][  0]LogInit: Computer: DESKTOP-3HFUD1A
[2018.02.13-09.27.43:647][  0]LogInit: User: cosen
[2018.02.13-09.27.43:647][  0]LogInit: CPU Page size=4096, Cores=4
[2018.02.13-09.27.43:647][  0]LogInit: High frequency timer resolution =2.728061 MHz
[2018.02.13-09.27.43:647][  0]LogMemory: Memory total: Physical=31.9GB (32GB approx)
[2018.02.13-09.27.43:647][  0]LogMemory: Platform Memory Stats for Windows
[2018.02.13-09.27.43:647][  0]LogMemory: Process Physical Memory: 291.70 MB used, 291.70 MB peak
[2018.02.13-09.27.43:647][  0]LogMemory: Process Virtual Memory: 278.97 MB used, 278.97 MB peak
[2018.02.13-09.27.43:647][  0]LogMemory: Physical Memory: 4510.13 MB used,  28145.53 MB free, 32655.66 MB total
[2018.02.13-09.27.43:647][  0]LogMemory: Virtual Memory: 691.14 MB used,  28145.53 MB free, 134217728.00 MB total
[2018.02.13-09.27.45:330][  0]LogInit: Using OS detected language (en-US).
[2018.02.13-09.27.45:330][  0]LogInit: Using OS detected locale (en-US).
[2018.02.13-09.27.45:808][  0]LogTextLocalizationManager: No specific localization for 'en-US' exists, so the 'en' localization will be used.
[2018.02.13-09.27.47:325][  0]LogInit: Setting process to per monitor DPI aware
[2018.02.13-09.27.51:721][  0]LogD3D11RHI: D3D11 adapters:
[2018.02.13-09.27.51:766][  0]LogD3D11RHI:    0. 'AMD Radeon (TM) R9 380 Series' (Feature Level 11_0)
[2018.02.13-09.27.51:766][  0]LogD3D11RHI:       4071/0/16327 MB DedicatedVideo/DedicatedSystem/SharedSystem, Outputs:2, VendorId:0x1002
[2018.02.13-09.27.51:777][  0]LogD3D11RHI:    1. 'Intel(R) HD Graphics 4600' (Feature Level 11_0)
[2018.02.13-09.27.51:777][  0]LogD3D11RHI:       112/0/2048 MB DedicatedVideo/DedicatedSystem/SharedSystem, Outputs:0, VendorId:0x8086
[2018.02.13-09.27.51:780][  0]LogD3D11RHI:    2. 'Microsoft Basic Render Driver' (Feature Level 11_0)
[2018.02.13-09.27.51:780][  0]LogD3D11RHI:       0/0/16327 MB DedicatedVideo/DedicatedSystem/SharedSystem, Outputs:0, VendorId:0x1414
[2018.02.13-09.27.51:780][  0]LogD3D11RHI: Chosen D3D11 Adapter: 0
[2018.02.13-09.27.51:790][  0]LogD3D11RHI: Creating new Direct3DDevice
[2018.02.13-09.27.51:790][  0]LogD3D11RHI:     GPU DeviceId: 0x6939 (for the marketing name, search the web for "GPU Device Id")
[2018.02.13-09.27.51:790][  0]LogWindows: EnumDisplayDevices:
[2018.02.13-09.27.51:790][  0]LogWindows:    0. 'AMD Radeon (TM) R9 380 Series' (P:0 D:1)
[2018.02.13-09.27.51:790][  0]LogWindows:    1. 'AMD Radeon (TM) R9 380 Series' (P:1 D:1)
[2018.02.13-09.27.51:791][  0]LogWindows:    2. 'AMD Radeon (TM) R9 380 Series' (P:0 D:0)
[2018.02.13-09.27.51:791][  0]LogWindows:    3. 'AMD Radeon (TM) R9 380 Series' (P:0 D:0)
[2018.02.13-09.27.51:791][  0]LogWindows:    4. 'AMD Radeon (TM) R9 380 Series' (P:0 D:0)
[2018.02.13-09.27.51:791][  0]LogWindows:    5. 'AMD Radeon (TM) R9 380 Series' (P:0 D:0)
[2018.02.13-09.27.51:792][  0]LogWindows:    6. 'AMD Radeon (TM) R9 380 Series' (P:0 D:0)
[2018.02.13-09.27.51:792][  0]LogWindows:    7. 'AMD Radeon (TM) R9 380 Series' (P:0 D:0)
[2018.02.13-09.27.51:792][  0]LogWindows:    8. 'AMD Radeon (TM) R9 380 Series' (P:0 D:0)
[2018.02.13-09.27.51:792][  0]LogWindows:    9. 'AMD Radeon (TM) R9 380 Series' (P:0 D:0)
[2018.02.13-09.27.51:793][  0]LogWindows:    10. 'AMD Radeon (TM) R9 380 Series' (P:0 D:0)
[2018.02.13-09.27.51:793][  0]LogWindows:    11. 'AMD Radeon (TM) R9 380 Series' (P:0 D:0)
[2018.02.13-09.27.51:793][  0]LogWindows:    12. 'AMD Radeon (TM) R9 380 Series' (P:0 D:0)
[2018.02.13-09.27.51:793][  0]LogWindows:    13. 'AMD Radeon (TM) R9 380 Series' (P:0 D:0)
[2018.02.13-09.27.51:794][  0]LogWindows:    14. 'AMD Radeon (TM) R9 380 Series' (P:0 D:0)
[2018.02.13-09.27.51:794][  0]LogWindows:    15. 'AMD Radeon (TM) R9 380 Series' (P:0 D:0)
[2018.02.13-09.27.51:794][  0]LogWindows:    16. 'Intel(R) HD Graphics 4600' (P:0 D:0)
[2018.02.13-09.27.51:794][  0]LogWindows:    17. 'Intel(R) HD Graphics 4600' (P:0 D:0)
[2018.02.13-09.27.51:795][  0]LogWindows:    18. 'Intel(R) HD Graphics 4600' (P:0 D:0)
[2018.02.13-09.27.51:795][  0]LogWindows: DebugString: GetVideoDriverDetailsInvalid PrimaryIsNotTheChoosenAdapter GetVideoDriverDetailsInvalid PrimaryIsNotTheChoosenAdapter GetVideoDriverDetailsInvalid PrimaryIsNotTheChoosenAdapter GetVideoDriverDetailsInvalid PrimaryIsNotTheChoosenAdapter GetVideoDriverDetailsInvalid PrimaryIsNotTheChoosenAdapter GetVideoDriverDetailsInvalid PrimaryIsNotTheChoosenAdapter GetVideoDriverDetailsInvalid PrimaryIsNotTheChoosenAdapter GetVideoDriverDetailsInvalid PrimaryIsNotTheChoosenAdapter GetVideoDriverDetailsInvalid PrimaryIsNotTheChoosenAdapter GetVideoDriverDetailsInvalid PrimaryIsNotTheChoosenAdapter GetVideoDriverDetailsInvalid PrimaryIsNotTheChoosenAdapter GetVideoDriverDetailsInvalid PrimaryIsNotTheChoosenAdapter GetVideoDriverDetailsInvalid PrimaryIsNotTheChoosenAdapter GetVideoDriverDetailsInvalid PrimaryIsNotTheChoosenAdapter GetVideoDriverDetailsInvalid PrimaryIsNotTheChoosenAdapter GetVideoDriverDetailsInvalid PrimaryIsNotTheChoosenAdapter GetVideoDriverDetailsInvalid PrimaryIsNotTheChoosenAdapter GetVideoDriverDetailsInvalid PrimaryIsNotTheChoosenAdapter GetVideoDriverDetailsInvalid PrimaryIsNotTheChoosenAdapter FoundDriverCount:0 
[2018.02.13-09.27.51:795][  0]LogD3D11RHI:     Adapter Name: AMD Radeon (TM) R9 380 Series
[2018.02.13-09.27.51:795][  0]LogD3D11RHI:   Driver Version: Unknown (internal:Unknown, unified:Unknown)
[2018.02.13-09.27.51:795][  0]LogD3D11RHI:      Driver Date: Unknown
[2018.02.13-09.27.51:795][  0]LogRHI: Texture pool is 2850 MB (70% of 4071 MB)
[2018.02.13-09.27.52:012][  0]LogD3D11RHI: Async texture creation enabled
[2018.02.13-09.27.52:027][  0]LogD3D11RHI: GPU Timing Frequency: 27.000000 (Debug: 2 1)
[2018.02.13-09.27.52:028][  0]LogShaderCompilers: Guid format shader working directory is 29 characters bigger than the processId version (../../../../Lab02/Intermediate/Shaders/WorkingDirectory/5328/).
[2018.02.13-09.27.52:028][  0]LogShaderCompilers: Cleaned the shader compiler working directory 'C:/Users/cosen/AppData/Local/Temp/UnrealShaderWorkingDir/F742AFC047C83FBCE7FE3CB6DB6BAF9C/'.
[2018.02.13-09.27.52:028][  0]LogShaderCompilers: Display: Using Local Shader Compiler.
[2018.02.13-09.27.55:558][  0]LogTemp: Display: Loaded TP AllDesktopTargetPlatform
[2018.02.13-09.27.55:604][  0]LogTemp: Display: Loaded TP MacClientTargetPlatform
[2018.02.13-09.27.55:650][  0]LogTemp: Display: Loaded TP MacNoEditorTargetPlatform
[2018.02.13-09.27.55:698][  0]LogTemp: Display: Loaded TP MacServerTargetPlatform
[2018.02.13-09.27.55:765][  0]LogTemp: Display: Loaded TP MacTargetPlatform
[2018.02.13-09.27.55:814][  0]LogTemp: Display: Loaded TP WindowsClientTargetPlatform
[2018.02.13-09.27.55:861][  0]LogTemp: Display: Loaded TP WindowsNoEditorTargetPlatform
[2018.02.13-09.27.55:908][  0]LogTemp: Display: Loaded TP WindowsServerTargetPlatform
[2018.02.13-09.27.55:948][  0]LogTemp: Display: Loaded TP WindowsTargetPlatform
[2018.02.13-09.27.55:995][  0]LogTemp: Display: Loaded TP Android_ASTCTargetPlatform
[2018.02.13-09.27.56:042][  0]LogTemp: Display: Loaded TP Android_ATCTargetPlatform
[2018.02.13-09.27.56:089][  0]LogTemp: Display: Loaded TP Android_DXTTargetPlatform
[2018.02.13-09.27.56:136][  0]LogTemp: Display: Loaded TP Android_ETC1TargetPlatform
[2018.02.13-09.27.56:181][  0]LogTemp: Display: Loaded TP Android_ETC2TargetPlatform
[2018.02.13-09.27.56:270][  0]LogTemp: Display: Loaded TP Android_MultiTargetPlatform
[2018.02.13-09.27.56:270][  0]LogTemp: Display: Loaded TP Android_PVRTCTargetPlatform
[2018.02.13-09.27.56:350][  0]LogTemp: Display: Loaded TP AndroidTargetPlatform
[2018.02.13-09.27.56:385][  0]LogTemp: Display: Loaded TP HTML5TargetPlatform
[2018.02.13-09.27.56:586][  0]LogTemp: Display: Loaded TP IOSTargetPlatform
[2018.02.13-09.27.56:627][  0]LogTemp: Display: Loaded TP TVOSTargetPlatform
[2018.02.13-09.27.56:676][  0]LogTemp: Display: Loaded TP LinuxClientTargetPlatform
[2018.02.13-09.27.56:722][  0]LogTemp: Display: Loaded TP LinuxNoEditorTargetPlatform
[2018.02.13-09.27.56:767][  0]LogTemp: Display: Loaded TP LinuxServerTargetPlatform
[2018.02.13-09.27.56:818][  0]LogTemp: Display: Loaded TP LinuxTargetPlatform
[2018.02.13-09.27.56:818][  0]LogTargetPlatformManager: Display: Building Assets For Windows
[2018.02.13-09.27.58:141][  0]LogDerivedDataCache: Display: Max Cache Size: 512 MB
[2018.02.13-09.27.58:443][  0]LogDerivedDataCache: Loaded boot cache 0.30s 78MB C:/Users/cosen/AppData/Local/UnrealEngine/4.18/DerivedDataCache/Boot.ddc.
[2018.02.13-09.27.58:443][  0]LogDerivedDataCache: Display: Loaded Boot cache: C:/Users/cosen/AppData/Local/UnrealEngine/4.18/DerivedDataCache/Boot.ddc
[2018.02.13-09.27.58:443][  0]LogDerivedDataCache: FDerivedDataBackendGraph:  Pak pak cache file ../../../../Lab02/DerivedDataCache/DDC.ddp not found, will not use a pak cache.
[2018.02.13-09.27.58:443][  0]LogDerivedDataCache: Unable to find inner node Pak for hierarchical cache Hierarchy.
[2018.02.13-09.27.58:443][  0]LogDerivedDataCache: FDerivedDataBackendGraph:  CompressedPak pak cache file ../../../../Lab02/DerivedDataCache/Compressed.ddp not found, will not use a pak cache.
[2018.02.13-09.27.58:443][  0]LogDerivedDataCache: Unable to find inner node CompressedPak for hierarchical cache Hierarchy.
[2018.02.13-09.27.58:621][  0]LogDerivedDataCache: Display: Pak cache opened for reading ../../../Engine/DerivedDataCache/Compressed.ddp.
[2018.02.13-09.27.58:635][  0]LogDerivedDataCache: Using Local data cache path C:/Users/cosen/AppData/Local/UnrealEngine/Common/DerivedDataCache: Writable
[2018.02.13-09.27.58:647][  0]LogMaterial: Verifying Global Shaders for PCD3D_SM5
[2018.02.13-09.27.58:648][  0]LogSlate: Using Freetype 2.6.0
[2018.02.13-09.27.58:780][  0]LogSlate: SlateFontCache - WITH_FREETYPE: 1, WITH_HARFBUZZ: 1
[2018.02.13-09.27.58:780][  0]LogSlate: SlateFontCache - WITH_FREETYPE: 1, WITH_HARFBUZZ: 1
[2018.02.13-09.28.06:165][  0]LogInit: Selected Device Profile: [Windows]
[2018.02.13-09.28.07:804][  0]LogSimplygon: Simplygon DLL not present - disabling.
[2018.02.13-09.28.07:889][  0]LogMeshReduction: Using SimplygonSwarm for distributed automatic mesh merging
[2018.02.13-09.28.07:901][  0]LogMeshReduction: Using QuadricMeshReduction for automatic static mesh reduction
[2018.02.13-09.28.07:902][  0]LogMeshReduction: No automatic skeletal mesh reduction module available
[2018.02.13-09.28.07:902][  0]LogMeshReduction: No automatic mesh merging module available
[2018.02.13-09.28.07:902][  0]LogMeshMerging: No automatic mesh merging module available
[2018.02.13-09.28.08:231][  0]LogNetVersion: Lab02 , NetCL: 3709383, EngineNetVer: 2, GameNetVer: 0 (Checksum: 3962595357)
[2018.02.13-09.28.09:433][  0]LogAssetRegistry: FAssetRegistry took 0.0263 seconds to start up
[2018.02.13-09.28.09:989][  0]LogConfig: Warning: Failed to saved backup for config[GameplayTagsList]
[2018.02.13-09.28.19:828][  0]LogAssetRegistry: Error: Failed to open file for write ../../../../Lab02/Intermediate/AssetRegistryCache/5a627529.bin
[2018.02.13-09.28.19:861][  0]LogAssetRegistry: Error: Failed to open file for write ../../../../Lab02/Intermediate/AssetRegistryCache/1d5167fa.bin
[2018.02.13-09.28.19:871][  0]LogAssetRegistry: Error: Failed to open file for write ../../../../Lab02/Intermediate/AssetRegistryCache/866581fd.bin
[2018.02.13-09.28.19:888][  0]LogAssetRegistry: Error: Failed to open file for write ../../../../Lab02/Intermediate/AssetRegistryCache/44c3f9c9.bin
[2018.02.13-09.28.19:897][  0]LogAssetRegistry: Error: Failed to open file for write ../../../../Lab02/Intermediate/AssetRegistryCache/50d6f4e0.bin
[2018.02.13-09.28.19:902][  0]LogAssetRegistry: Error: Failed to open file for write ../../../../Lab02/Intermediate/AssetRegistryCache/2f5244c7.bin
[2018.02.13-09.28.19:906][  0]LogAssetRegistry: Error: Failed to open file for write ../../../../Lab02/Intermediate/AssetRegistryCache/cef2e191.bin
[2018.02.13-09.28.19:909][  0]LogAssetRegistry: Error: Failed to open file for write ../../../../Lab02/Intermediate/AssetRegistryCache/f0d5030c.bin
[2018.02.13-09.28.19:913][  0]LogAssetRegistry: Error: Failed to open file for write ../../../../Lab02/Intermediate/AssetRegistryCache/bf121eca.bin
[2018.02.13-09.28.19:920][  0]LogPackageLocalizationCache: Processed 7 localized package path(s) for 2 prioritized culture(s) in 0.230106 seconds
[2018.02.13-09.28.19:927][  0]LogUObjectArray: 35870 objects as part of root set at end of initial load.
[2018.02.13-09.28.19:927][  0]LogUObjectAllocator: 7363704 out of 0 bytes used by permanent object pool.
[2018.02.13-09.28.19:927][  0]LogUObjectArray: CloseDisregardForGC: 0/0 objects in disregard for GC pool
[2018.02.13-09.28.19:969][  0]LogInit: WinSock: version 1.1 (2.2), MaxSocks=32767, MaxUdp=65467
[2018.02.13-09.28.51:439][  0]LogTcpMessaging: Initializing TcpMessaging bridge
[2018.02.13-09.28.51:480][  0]LogUdpMessaging: Initializing bridge on interface 0.0.0.0:0 to multicast group 230.0.0.1:6666.
[2018.02.13-09.28.52:823][  0]LogMaterial: Uniform references updated for custom material expression Custom.
[2018.02.13-09.28.53:549][  0]SourceControl: Source control is disabled
[2018.02.13-09.28.55:902][  0]LogAndroidPermission: UAndroidPermissionCallbackProxy::GetInstance
[2018.02.13-09.28.56:180][  0]LogOcInput: OculusInput pre-init called
[2018.02.13-09.28.56:724][  0]LogEngine: Initializing Engine...
[2018.02.13-09.28.56:729][  0]LogHMD: Failed to initialize OpenVR with code 110
[2018.02.13-09.28.57:704][  0]LogStats: UGameplayTagsManager::ConstructGameplayTagTree: Construct from data asset -  0.000 s
[2018.02.13-09.28.57:704][  0]LogStats: UGameplayTagsManager::ConstructGameplayTagTree: GameplayTagTreeChangedEvent.Broadcast -  0.000 s
[2018.02.13-09.28.57:875][  0]LogAIModule: Creating AISystem for world Untitled
[2018.02.13-09.28.57:900][  0]LogInit: XAudio2 using 'Speakers (Sound Blaster Recon3Di)' : 2 channels at 48 kHz using 32 bits per sample (channel mask 0x3)
[2018.02.13-09.28.57:918][  0]LogInit: FAudioDevice initialized.
[2018.02.13-09.28.57:929][  0]LogDerivedDataCache: Error: Could not save memory cache C:/Users/cosen/AppData/Local/UnrealEngine/4.18/DerivedDataCache/Boot.ddc.
[2018.02.13-09.28.57:942][  0]LogInit: Texture streaming: Enabled
[2018.02.13-09.28.58:048][  0]LogEngineSessionManager: EngineSessionManager initialized
[2018.02.13-09.28.58:178][  0]LogInit: Transaction tracking system initialized
[2018.02.13-09.28.58:521][  0]BlueprintLog: New page: Editor Load
[2018.02.13-09.29.00:314][  0]LocalizationService: Localization service is disabled
[2018.02.13-09.29.01:788][  0]LogConsoleResponse: Display: 
[2018.02.13-09.29.05:284][  0]LogCook: Display: Max memory allowance for cook 16384mb min free memory 0mb
[2018.02.13-09.29.05:285][  0]LogCook: Display: Mobile HDR setting 1
[2018.02.13-09.29.05:285][  0]LogGameplayTags: Display: UGameplayTagsManager::DoneAddingNativeTags. DelegateIsBound: 0
[2018.02.13-09.29.05:295][  0]LogFileCache: Scanning file cache for directory 'E:/UnrealEngine4/Lab02/Content/' took 0.07s
[2018.02.13-09.29.07:652][  0]Cmd: MAP LOAD FILE="../../../../Lab02/Content/FirstPersonBP/Maps/FirstPersonExampleMap.umap" TEMPLATE=0 SHOWPROGRESS=1 FEATURELEVEL=3
[2018.02.13-09.29.07:652][  0]LightingResults: New page: Lighting Build
[2018.02.13-09.29.07:697][  0]MapCheck: New page: Map Check
[2018.02.13-09.29.07:697][  0]LightingResults: New page: Lighting Build
[2018.02.13-09.29.12:254][  0]LogAIModule: Creating AISystem for world FirstPersonExampleMap
[2018.02.13-09.29.13:807][  0]LogEditorServer: Finished looking for orphan Actors (0.000 secs)
[2018.02.13-09.29.13:832][  0]Cmd: MAP CHECKDEP NOCLEARLOG
[2018.02.13-09.29.13:899][  0]MapCheck: Map check complete: 0 Error(s), 0 Warning(s), took 66.326ms to complete.
[2018.02.13-09.29.13:899][  0]LogFileHelpers: Loading map 'FirstPersonExampleMap' took 6.248
[2018.02.13-09.29.14:327][  0]LogCollectionManager: Loaded 0 collections in 0.002172 seconds
[2018.02.13-09.29.14:442][  0]LogFileCache: Scanning file cache for directory 'E:/UnrealEngine4/Lab02/Saved/Collections/' took 0.01s
[2018.02.13-09.29.14:442][  0]LogFileCache: Scanning file cache for directory 'E:/UnrealEngine4/Lab02/Content/Developers/cosen/Collections/' took 0.01s
[2018.02.13-09.29.14:442][  0]LogFileCache: Scanning file cache for directory 'E:/UnrealEngine4/Lab02/Content/Collections/' took 0.01s
[2018.02.13-09.29.14:442][  0]LogCollectionManager: Rebuilt the GUID cache for 0 collections in 0.000001 seconds
[2018.02.13-09.29.14:452][  0]LogContentBrowser: Native class hierarchy populated in 0.0097 seconds. Added 2363 classes and 519 folders.
[2018.02.13-09.29.14:512][  0]LogContentBrowser: Native class hierarchy updated for 'WidgetCarousel' in 0.0002 seconds. Added 0 classes and 0 folders.
[2018.02.13-09.29.17:049][  0]LogContentBrowser: Native class hierarchy updated for 'AddContentDialog' in 0.0002 seconds. Added 0 classes and 0 folders.
[2018.02.13-09.29.17:133][  0]LogContentBrowser: Native class hierarchy updated for 'SceneOutliner' in 0.0003 seconds. Added 1 classes and 2 folders.
[2018.02.13-09.29.17:202][  0]LogSlate: Took 0.020275 seconds to synchronously load lazily loaded font '../../../Engine/Content/Slate/Fonts/Roboto-Regular.ttf' (155K)
[2018.02.13-09.29.17:221][  0]LogSlate: Took 0.016535 seconds to synchronously load lazily loaded font '../../../Engine/Content/Slate/Fonts/Roboto-Bold.ttf' (160K)
[2018.02.13-09.29.17:245][  0]LogSlate: Took 0.018571 seconds to synchronously load lazily loaded font '../../../Engine/Content/Editor/Slate/Fonts/FontAwesome.ttf' (139K)
[2018.02.13-09.29.17:615][  0]LogRenderer: Reallocating scene render targets to support 740x352 Format 10 NumSamples 1 (Frame:1).
[2018.02.13-09.29.17:710][  0]LogSlate: Took 0.006752 seconds to synchronously load lazily loaded font '../../../Engine/Content/Slate/Fonts/Roboto-Light.ttf' (159K)
[2018.02.13-09.29.18:025][  0]LogContentBrowser: Native class hierarchy updated for 'HierarchicalLODOutliner' in 0.0003 seconds. Added 1 classes and 2 folders.
[2018.02.13-09.29.18:025][  0]LogLoad: (Engine Initialization) Total time: 120.33 seconds
[2018.02.13-09.29.18:025][  0]LogLoad: (Engine Initialization) Total Blueprint compile time: 0.00 seconds
[2018.02.13-09.29.18:025][  0]LogExternalProfiler: No external profilers were discovered.  External profiling features will not be available.
[2018.02.13-09.29.18:404][  0]SourceControl: On branch master
[2018.02.13-09.29.18:404][  0]SourceControl: Your branch is up to date with 'origin/master'.
[2018.02.13-09.29.18:404][  0]SourceControl: Changes not staged for commit:
[2018.02.13-09.29.18:404][  0]SourceControl:   (use "git add <file>..." to update what will be committed)
[2018.02.13-09.29.18:404][  0]SourceControl:   (use "git checkout -- <file>..." to discard changes in working directory)
[2018.02.13-09.29.18:404][  0]SourceControl: 	modified:   Intermediate/CachedAssetRegistry.bin
[2018.02.13-09.29.18:404][  0]SourceControl: 	modified:   Saved/Logs/Lab02.log
[2018.02.13-09.29.18:404][  0]SourceControl: 	modified:   Saved/Logs/Lab02_2.log
[2018.02.13-09.29.18:404][  0]SourceControl: Untracked files:
[2018.02.13-09.29.18:404][  0]SourceControl:   (use "git add <file>..." to include in what will be committed)
[2018.02.13-09.29.18:404][  0]SourceControl: 	Saved/Config/CrashReportClient/UE4CC-Windows-433EFE9B4C116A80037B0692197C1514/
[2018.02.13-09.29.18:404][  0]SourceControl: 	Saved/Config/CrashReportClient/UE4CC-Windows-86818C6040268679E9BE4191F47860E3/
[2018.02.13-09.29.18:405][  0]SourceControl: 	Saved/Logs/Lab02-backup-2018.02.13-04.27.35.log
[2018.02.13-09.29.18:405][  0]SourceControl: 	Saved/Logs/Lab02_2-backup-2018.02.13-04.27.35.log
[2018.02.13-09.29.18:405][  0]SourceControl: no changes added to commit (use "git add" and/or "git commit -a")
[2018.02.13-09.29.18:405][  0]LogContentStreaming: Texture pool size now 1000 MB
[2018.02.13-09.29.19:153][  2]LogAssetRegistry: Asset discovery search completed in 69.7426 seconds
[2018.02.13-09.29.19:157][  2]LogCollectionManager: Rebuilt the object cache for 0 collections in 0.000000 seconds (found 0 objects)
[2018.02.13-09.29.19:157][  2]LogCollectionManager: Fixed up redirectors for 0 collections in 0.000077 seconds (updated 0 objects)
[2018.02.13-09.29.48:165][ 89]LogTemp: Repeating last play command: New Editor Window (PIE)
[2018.02.13-09.29.48:368][ 89]LogBlueprintUserMessages: Early PlayInEditor Detection: Level '/Game/FirstPersonBP/Maps/FirstPersonExampleMap.FirstPersonExampleMap:PersistentLevel' has LevelScriptBlueprint '/Game/FirstPersonBP/Maps/FirstPersonExampleMap.FirstPersonExampleMap:PersistentLevel.FirstPersonExampleMap' with GeneratedClass '/Game/FirstPersonBP/Maps/FirstPersonExampleMap.FirstPersonExampleMap_C' with ClassGeneratedBy '/Game/FirstPersonBP/Maps/FirstPersonExampleMap.FirstPersonExampleMap:PersistentLevel.FirstPersonExampleMap'
[2018.02.13-09.29.48:369][ 89]LogPlayLevel: PlayLevel: No blueprints needed recompiling
[2018.02.13-09.29.48:369][ 89]PIE: New page: PIE session: FirstPersonExampleMap (Feb 12, 2018, 11:29:48 PM)
[2018.02.13-09.29.48:369][ 89]LogPlayLevel: Creating play world package: /Game/FirstPersonBP/Maps/UEDPIE_0_FirstPersonExampleMap
[2018.02.13-09.29.48:452][ 89]LogPlayLevel: PIE: StaticDuplicateObject took: (0.082366s)
[2018.02.13-09.29.48:453][ 89]LogAIModule: Creating AISystem for world FirstPersonExampleMap
[2018.02.13-09.29.48:453][ 89]LogPlayLevel: PIE: World Init took: (0.001129s)
[2018.02.13-09.29.48:453][ 89]LogPlayLevel: PIE: Created PIE world by copying editor world from /Game/FirstPersonBP/Maps/FirstPersonExampleMap.FirstPersonExampleMap to /Game/FirstPersonBP/Maps/UEDPIE_0_FirstPersonExampleMap.FirstPersonExampleMap (0.083999s)
[2018.02.13-09.29.48:472][ 89]LogInit: XAudio2 using 'Speakers (Sound Blaster Recon3Di)' : 2 channels at 48 kHz using 32 bits per sample (channel mask 0x3)
[2018.02.13-09.29.48:482][ 89]LogInit: FAudioDevice initialized.
[2018.02.13-09.29.48:589][ 89]LogLoad: Game class is 'FirstPersonGameMode_C'
[2018.02.13-09.29.48:599][ 89]LogWorld: Bringing World /Game/FirstPersonBP/Maps/UEDPIE_0_FirstPersonExampleMap.FirstPersonExampleMap up for play (max tick rate 0) at 2018.02.13-04.29.48
[2018.02.13-09.29.48:600][ 89]LogWorld: Bringing up level for play took: 0.008682
[2018.02.13-09.29.48:637][ 89]LogContentBrowser: Native class hierarchy updated for 'MovieSceneCapture' in 0.0003 seconds. Added 11 classes and 0 folders.
[2018.02.13-09.29.48:641][ 89]PIE: Play in editor start time for /Game/FirstPersonBP/Maps/UEDPIE_0_FirstPersonExampleMap -0.446
[2018.02.13-09.29.48:642][ 89]LogBlueprintUserMessages: Late PlayInEditor Detection: Level '/Game/FirstPersonBP/Maps/FirstPersonExampleMap.FirstPersonExampleMap:PersistentLevel' has LevelScriptBlueprint '/Game/FirstPersonBP/Maps/FirstPersonExampleMap.FirstPersonExampleMap:PersistentLevel.FirstPersonExampleMap' with GeneratedClass '/Game/FirstPersonBP/Maps/FirstPersonExampleMap.FirstPersonExampleMap_C' with ClassGeneratedBy '/Game/FirstPersonBP/Maps/FirstPersonExampleMap.FirstPersonExampleMap:PersistentLevel.FirstPersonExampleMap'
[2018.02.13-09.29.48:673][ 89]LogRenderer: Reallocating scene render targets to support 1292x756 Format 10 NumSamples 1 (Frame:1).
[2018.02.13-09.30.08:331][208]LogBlueprintUserMessages: Early EndPlayMap Detection: Level '/Game/FirstPersonBP/Maps/FirstPersonExampleMap.FirstPersonExampleMap:PersistentLevel' has LevelScriptBlueprint '/Game/FirstPersonBP/Maps/FirstPersonExampleMap.FirstPersonExampleMap:PersistentLevel.FirstPersonExampleMap' with GeneratedClass '/Game/FirstPersonBP/Maps/FirstPersonExampleMap.FirstPersonExampleMap_C' with ClassGeneratedBy '/Game/FirstPersonBP/Maps/FirstPersonExampleMap.FirstPersonExampleMap:PersistentLevel.FirstPersonExampleMap'
[2018.02.13-09.30.08:379][208]LogBlueprintUserMessages: Late EndPlayMap Detection: Level '/Game/FirstPersonBP/Maps/FirstPersonExampleMap.FirstPersonExampleMap:PersistentLevel' has LevelScriptBlueprint '/Game/FirstPersonBP/Maps/FirstPersonExampleMap.FirstPersonExampleMap:PersistentLevel.FirstPersonExampleMap' with GeneratedClass '/Game/FirstPersonBP/Maps/FirstPersonExampleMap.FirstPersonExampleMap_C' with ClassGeneratedBy '/Game/FirstPersonBP/Maps/FirstPersonExampleMap.FirstPersonExampleMap:PersistentLevel.FirstPersonExampleMap'
[2018.02.13-09.33.48:134][542]SourceControl: fatal: E:/UnrealEngine4/UE_4.18/Engine/Content/: 'E:/UnrealEngine4/UE_4.18/Engine/Content/' is outside repository
[2018.02.13-09.33.48:238][542]EditorErrors: Warning: No assets to check in!
[2018.02.13-09.39.14:157][832]LogSlate: Took 0.000201 seconds to synchronously load lazily loaded font '../../../Engine/Content/Slate/Fonts/Roboto-Light.ttf' (159K)
[2018.02.13-09.39.14:166][832]Cmd: OBJ SAVEPACKAGE PACKAGE="/Game/FirstPersonBP/Maps/FirstPersonExampleMap" FILE="../../../../Lab02/Content/FirstPersonBP/Maps/FirstPersonExampleMap.umap" SILENT=true AUTOSAVING=false KEEPDIRTY=false
[2018.02.13-09.39.14:944][832]LogSavePackage: Save=747.26ms
[2018.02.13-09.39.14:944][832]LogSavePackage: Moving '../../../../Lab02/Saved/FirstPersonExampleMap2C4D40004F12561B56FDAEBD97907CC4.tmp' to '../../../../Lab02/Content/FirstPersonBP/Maps/FirstPersonExampleMap.umap'
[2018.02.13-09.39.14:945][832]LogFileManager: Warning: DeleteFile was unable to delete '../../../../Lab02/Content/FirstPersonBP/Maps/FirstPersonExampleMap.umap', retrying in .5s...
[2018.02.13-09.39.15:445][832]LogFileManager: Error: Error deleting file '../../../../Lab02/Content/FirstPersonBP/Maps/FirstPersonExampleMap.umap'.
[2018.02.13-09.39.15:445][832]LogSavePackage: Error: Error saving '../../../../Lab02/Content/FirstPersonBP/Maps/FirstPersonExampleMap.umap'
[2018.02.13-09.39.15:448][832]LogSavePackage: Display: Finished SavePackage ../../../../Lab02/Content/FirstPersonBP/Maps/FirstPersonExampleMap.umap
[2018.02.13-09.39.15:452][832]LogSlate: Took 0.000257 seconds to synchronously load lazily loaded font '../../../Engine/Content/Slate/Fonts/Roboto-Regular.ttf' (155K)
[2018.02.13-09.39.15:457][832]EditorErrors: New page: Save Output
[2018.02.13-09.39.15:457][832]EditorErrors: Warning: Error saving '../../../../Lab02/Content/FirstPersonBP/Maps/FirstPersonExampleMap.umap'
[2018.02.13-09.39.25:330][728]Cmd: OBJ SAVEPACKAGE PACKAGE="/Game/FirstPersonBP/Maps/FirstPersonExampleMap" FILE="../../../../Lab02/Content/FirstPersonBP/Maps/FirstPersonExampleMap.umap" SILENT=true AUTOSAVING=false KEEPDIRTY=false
[2018.02.13-09.39.26:060][728]LogSavePackage: Save=715.55ms
[2018.02.13-09.39.26:060][728]LogSavePackage: Moving '../../../../Lab02/Saved/FirstPersonExampleMap4D1383D34770AF4B39A508A47A9ECCA6.tmp' to '../../../../Lab02/Content/FirstPersonBP/Maps/FirstPersonExampleMap.umap'
[2018.02.13-09.39.26:060][728]LogFileManager: Warning: DeleteFile was unable to delete '../../../../Lab02/Content/FirstPersonBP/Maps/FirstPersonExampleMap.umap', retrying in .5s...
[2018.02.13-09.39.26:561][728]LogFileManager: Error: Error deleting file '../../../../Lab02/Content/FirstPersonBP/Maps/FirstPersonExampleMap.umap'.
[2018.02.13-09.39.26:561][728]LogSavePackage: Error: Error saving '../../../../Lab02/Content/FirstPersonBP/Maps/FirstPersonExampleMap.umap'
[2018.02.13-09.39.26:567][728]LogSavePackage: Display: Finished SavePackage ../../../../Lab02/Content/FirstPersonBP/Maps/FirstPersonExampleMap.umap
[2018.02.13-09.39.26:570][728]EditorErrors: New page: Save Output
[2018.02.13-09.39.26:571][728]EditorErrors: Warning: Error saving '../../../../Lab02/Content/FirstPersonBP/Maps/FirstPersonExampleMap.umap'
[2018.02.13-09.39.26:594][728]LogFileHelpers: Saving map 'FirstPersonExampleMap' took 1.323
[2018.02.13-09.39.32:353][728]Cmd: OBJ SAVEPACKAGE PACKAGE="/Game/FirstPersonBP/Maps/FirstPersonExampleMap" FILE="../../../../Lab02/Content/FirstPersonBP/Maps/FirstPersonExampleMap.umap" SILENT=true AUTOSAVING=false KEEPDIRTY=false
[2018.02.13-09.39.33:080][728]LogSavePackage: Save=710.93ms
[2018.02.13-09.39.33:080][728]LogSavePackage: Moving '../../../../Lab02/Saved/FirstPersonExampleMapBEEAC7C34D674C73A94161B9C93400CC.tmp' to '../../../../Lab02/Content/FirstPersonBP/Maps/FirstPersonExampleMap.umap'
[2018.02.13-09.39.33:080][728]LogFileManager: Warning: DeleteFile was unable to delete '../../../../Lab02/Content/FirstPersonBP/Maps/FirstPersonExampleMap.umap', retrying in .5s...
[2018.02.13-09.39.33:580][728]LogFileManager: Error: Error deleting file '../../../../Lab02/Content/FirstPersonBP/Maps/FirstPersonExampleMap.umap'.
[2018.02.13-09.39.33:580][728]LogSavePackage: Error: Error saving '../../../../Lab02/Content/FirstPersonBP/Maps/FirstPersonExampleMap.umap'
[2018.02.13-09.39.33:585][728]LogSavePackage: Display: Finished SavePackage ../../../../Lab02/Content/FirstPersonBP/Maps/FirstPersonExampleMap.umap
[2018.02.13-09.39.33:589][728]EditorErrors: New page: Save Output
[2018.02.13-09.39.33:590][728]EditorErrors: Warning: Error saving '../../../../Lab02/Content/FirstPersonBP/Maps/FirstPersonExampleMap.umap'
[2018.02.13-09.39.33:599][728]LogFileHelpers: Saving map 'FirstPersonExampleMap' took 1.306
[2018.02.13-09.40.19:061][363]LogSlate: Took 0.000416 seconds to synchronously load lazily loaded font '../../../Engine/Content/Slate/Fonts/Roboto-Light.ttf' (159K)
[2018.02.13-09.40.29:218][391]LogSavePackage: Save=717.87ms
[2018.02.13-09.40.29:218][391]LogSavePackage: Moving '../../../../Lab02/Saved/FirstPersonExampleMap_Auto1375E02A4462567D9549C34BCAC652558.tmp' to '../../../../Lab02/Saved/Autosaves/Game/FirstPersonBP/Maps/FirstPersonExampleMap_Auto1.umap'
[2018.02.13-09.40.29:219][391]LogSavePackage: Display: Finished SavePackage ../../../../Lab02/Saved/Autosaves/Game/FirstPersonBP/Maps/FirstPersonExampleMap_Auto1.umap
[2018.02.13-09.40.29:221][391]LogFileHelpers: Editor autosave (incl. sublevels) for '/Game/FirstPersonBP/Maps/FirstPersonExampleMap' took 0.744
[2018.02.13-09.40.29:221][391]LogFileHelpers: Editor autosave (incl. sublevels) for all levels took 0.744
[2018.02.13-09.41.23:803][549]Cmd: OBJ SAVEPACKAGE PACKAGE="/Game/FirstPersonBP/Maps/FirstPersonExampleMap" FILE="../../../../Lab02/Content/FirstPersonBP/Maps/FirstPersonExampleMap.umap" SILENT=true AUTOSAVING=false KEEPDIRTY=false
[2018.02.13-09.41.24:533][549]LogSavePackage: Save=717.01ms
[2018.02.13-09.41.24:534][549]LogSavePackage: Moving '../../../../Lab02/Saved/FirstPersonExampleMap722CA9CB4EECF00DCD7FC68EBFD6179D.tmp' to '../../../../Lab02/Content/FirstPersonBP/Maps/FirstPersonExampleMap.umap'
[2018.02.13-09.41.24:534][549]LogFileManager: Warning: DeleteFile was unable to delete '../../../../Lab02/Content/FirstPersonBP/Maps/FirstPersonExampleMap.umap', retrying in .5s...
[2018.02.13-09.41.25:034][549]LogFileManager: Error: Error deleting file '../../../../Lab02/Content/FirstPersonBP/Maps/FirstPersonExampleMap.umap'.
[2018.02.13-09.41.25:034][549]LogSavePackage: Error: Error saving '../../../../Lab02/Content/FirstPersonBP/Maps/FirstPersonExampleMap.umap'
[2018.02.13-09.41.25:041][549]LogSavePackage: Display: Finished SavePackage ../../../../Lab02/Content/FirstPersonBP/Maps/FirstPersonExampleMap.umap
[2018.02.13-09.41.25:044][549]EditorErrors: New page: Save Output
[2018.02.13-09.41.25:044][549]EditorErrors: Warning: Error saving '../../../../Lab02/Content/FirstPersonBP/Maps/FirstPersonExampleMap.umap'
[2018.02.13-09.41.25:066][549]LogFileHelpers: Saving map 'FirstPersonExampleMap' took 1.320
[2018.02.13-09.41.36:902][550]Cmd: QUIT_EDITOR
[2018.02.13-09.41.37:180][550]LogWindowsTextInputMethodSystem: Display: IME system now deactivated.
[2018.02.13-09.41.37:195][550]LogExit: Preparing to exit.
[2018.02.13-09.41.37:805][550]LogDirectoryWatcher: A directory notification for 'E:/UnrealEngine4/Lab02/Content/' was aborted.
[2018.02.13-09.41.37:841][550]LogExit: Editor shut down
[2018.02.13-09.41.37:845][550]LogExit: Transaction tracking system shut down
[2018.02.13-09.41.38:082][550]LogDirectoryWatcher: A directory notification for '../../../Engine/Content/' was aborted.
[2018.02.13-09.41.38:083][550]LogDirectoryWatcher: A directory notification for '../../../../Lab02/Content/' was aborted.
[2018.02.13-09.41.38:083][550]LogDirectoryWatcher: A directory notification for '../../../Engine/Plugins/2D/Paper2D/Content/' was aborted.
[2018.02.13-09.41.38:083][550]LogDirectoryWatcher: A directory notification for '../../../Engine/Plugins/Media/MediaCompositing/Content/' was aborted.
[2018.02.13-09.41.38:083][550]LogDirectoryWatcher: A directory notification for '../../../Engine/Plugins/Runtime/AppleARKit/Content/' was aborted.
[2018.02.13-09.41.38:083][550]LogDirectoryWatcher: A directory notification for '../../../Engine/Plugins/Runtime/Oculus/OculusVR/Content/' was aborted.
[2018.02.13-09.41.38:083][550]LogDirectoryWatcher: A directory notification for '../../../Engine/Plugins/Runtime/Steam/SteamVR/Content/' was aborted.
[2018.02.13-09.41.38:166][550]LogExit: Object subsystem successfully closed.
[2018.02.13-09.41.38:192][550]LogD3D11RHI: Shutdown
[2018.02.13-09.41.38:192][550]LogD3D11RHI: CleanupD3DDevice
[2018.02.13-09.41.38:210][550]LogD3D11RHI: ~FD3D11DynamicRHI
[2018.02.13-09.41.38:220][550]LogModuleManager: Shutting down and abandoning module MovieSceneCapture (550)
[2018.02.13-09.41.38:220][550]LogModuleManager: Shutting down and abandoning module HierarchicalLODOutliner (548)
[2018.02.13-09.41.38:220][550]LogModuleManager: Shutting down and abandoning module SceneOutliner (546)
[2018.02.13-09.41.38:220][550]LogModuleManager: Shutting down and abandoning module AddContentDialog (544)
[2018.02.13-09.41.38:220][550]LogDirectoryWatcher: A directory notification for 'E:/UnrealEngine4/UE_4.18/FeaturePacks/' was aborted.
[2018.02.13-09.41.38:221][550]LogModuleManager: Shutting down and abandoning module WidgetCarousel (543)
[2018.02.13-09.41.38:221][550]LogModuleManager: Shutting down and abandoning module EditorWidgets (540)
[2018.02.13-09.41.38:221][550]LogModuleManager: Shutting down and abandoning module CollectionManager (538)
[2018.02.13-09.41.38:221][550]LogDirectoryWatcher: A directory notification for 'E:/UnrealEngine4/Lab02/Content/Collections/' was aborted.
[2018.02.13-09.41.38:221][550]LogDirectoryWatcher: A directory notification for 'E:/UnrealEngine4/Lab02/Content/Developers/cosen/Collections/' was aborted.
[2018.02.13-09.41.38:221][550]LogDirectoryWatcher: A directory notification for 'E:/UnrealEngine4/Lab02/Saved/Collections/' was aborted.
[2018.02.13-09.41.38:222][550]LogModuleManager: Shutting down and abandoning module StatsViewer (536)
[2018.02.13-09.41.38:222][550]LogModuleManager: Shutting down and abandoning module FoliageEdit (534)
[2018.02.13-09.41.38:222][550]LogModuleManager: Shutting down and abandoning module LandscapeEditor (532)
[2018.02.13-09.41.38:222][550]LogModuleManager: Shutting down and abandoning module MeshPaintMode (530)
[2018.02.13-09.41.38:222][550]LogModuleManager: Shutting down and abandoning module SceneDepthPickerMode (528)
[2018.02.13-09.41.38:222][550]LogModuleManager: Shutting down and abandoning module ActorPickerMode (526)
[2018.02.13-09.41.38:222][550]LogModuleManager: Shutting down and abandoning module GeometryMode (524)
[2018.02.13-09.41.38:222][550]LogModuleManager: Shutting down and abandoning module TextureAlignMode (522)
[2018.02.13-09.41.38:222][550]LogModuleManager: Shutting down and abandoning module BspMode (520)
[2018.02.13-09.41.38:222][550]LogModuleManager: Shutting down and abandoning module PIEPreviewDeviceProfileSelector (518)
[2018.02.13-09.41.38:222][550]LogModuleManager: Shutting down and abandoning module HardwareSurvey (516)
[2018.02.13-09.41.38:222][550]LogModuleManager: Shutting down and abandoning module SequenceRecorderSections (514)
[2018.02.13-09.41.38:222][550]LogModuleManager: Shutting down and abandoning module AutomationWorker (512)
[2018.02.13-09.41.38:222][550]LogModuleManager: Shutting down and abandoning module MatineeToLevelSequence (510)
[2018.02.13-09.41.38:222][550]LogModuleManager: Shutting down and abandoning module LevelSequenceEditor (508)
[2018.02.13-09.41.38:222][550]LogModuleManager: Shutting down and abandoning module PlacementMode (507)
[2018.02.13-09.41.38:222][550]LogModuleManager: Shutting down and abandoning module WmfMediaFactory (504)
[2018.02.13-09.41.38:222][550]LogModuleManager: Shutting down and abandoning module WmfMediaEditor (502)
[2018.02.13-09.41.38:222][550]LogModuleManager: Shutting down and abandoning module OpenExrWrapper (500)
[2018.02.13-09.41.38:222][550]LogModuleManager: Shutting down and abandoning module ImgMediaFactory (498)
[2018.02.13-09.41.38:222][550]LogModuleManager: Shutting down and abandoning module ImgMediaEditor (496)
[2018.02.13-09.41.38:222][550]LogModuleManager: Shutting down and abandoning module AvfMediaFactory (494)
[2018.02.13-09.41.38:222][550]LogModuleManager: Shutting down and abandoning module AvfMediaEditor (492)
[2018.02.13-09.41.38:222][550]LogModuleManager: Shutting down and abandoning module AndroidMediaFactory (490)
[2018.02.13-09.41.38:222][550]LogModuleManager: Shutting down and abandoning module AndroidMediaEditor (488)
[2018.02.13-09.41.38:222][550]LogModuleManager: Shutting down and abandoning module CharacterAI (486)
[2018.02.13-09.41.38:222][550]LogModuleManager: Shutting down and abandoning module AudioCapture (484)
[2018.02.13-09.41.38:222][550]LogModuleManager: Shutting down and abandoning module SequenceRecorder (483)
[2018.02.13-09.41.38:222][550]LogModuleManager: Shutting down and abandoning module SmartSnapping (480)
[2018.02.13-09.41.38:222][550]LogModuleManager: Shutting down and abandoning module SessionServices (478)
[2018.02.13-09.41.38:222][550]LogModuleManager: Shutting down and abandoning module ViewportSnapping (476)
[2018.02.13-09.41.38:222][550]LogModuleManager: Shutting down and abandoning module ViewportInteraction (474)
[2018.02.13-09.41.38:223][550]LogModuleManager: Shutting down and abandoning module ClothPainter (472)
[2018.02.13-09.41.38:223][550]LogModuleManager: Shutting down and abandoning module SkeletalMeshEditor (471)
[2018.02.13-09.41.38:223][550]LogModuleManager: Shutting down and abandoning module LogVisualizer (468)
[2018.02.13-09.41.38:223][550]LogModuleManager: Shutting down and abandoning module IntroTutorials (466)
[2018.02.13-09.41.38:223][550]LogModuleManager: Shutting down and abandoning module GameProjectGeneration (465)
[2018.02.13-09.41.38:223][550]LogModuleManager: Shutting down and abandoning module IOSPlatformEditor (462)
[2018.02.13-09.41.38:223][550]LogModuleManager: Shutting down and abandoning module HTML5PlatformEditor (460)
[2018.02.13-09.41.38:223][550]LogModuleManager: Shutting down and abandoning module AndroidPlatformEditor (458)
[2018.02.13-09.41.38:223][550]LogModuleManager: Shutting down and abandoning module AndroidDeviceDetection (457)
[2018.02.13-09.41.39:221][550]LogModuleManager: Shutting down and abandoning module WindowsPlatformEditor (454)
[2018.02.13-09.41.39:221][550]LogModuleManager: Shutting down and abandoning module IOSRuntimeSettings (452)
[2018.02.13-09.41.39:221][550]LogModuleManager: Shutting down and abandoning module AndroidRuntimeSettings (450)
[2018.02.13-09.41.39:221][550]LogModuleManager: Shutting down and abandoning module InputBindingEditor (448)
[2018.02.13-09.41.39:222][550]LogModuleManager: Shutting down and abandoning module MergeActors (446)
[2018.02.13-09.41.39:222][550]LogModuleManager: Shutting down and abandoning module SizeMap (444)
[2018.02.13-09.41.39:222][550]LogModuleManager: Shutting down and abandoning module TreeMap (442)
[2018.02.13-09.41.39:222][550]LogModuleManager: Shutting down and abandoning module ReferenceViewer (440)
[2018.02.13-09.41.39:222][550]LogModuleManager: Shutting down and abandoning module LocalizationDashboard (438)
[2018.02.13-09.41.39:222][550]LogModuleManager: Shutting down and abandoning module LocalizationService (437)
[2018.02.13-09.41.39:222][550]LogModuleManager: Shutting down and abandoning module HardwareTargeting (434)
[2018.02.13-09.41.39:222][550]LogModuleManager: Shutting down and abandoning module DeviceProfileEditor (432)
[2018.02.13-09.41.39:222][550]LogModuleManager: Shutting down and abandoning module UndoHistory (430)
[2018.02.13-09.41.39:222][550]LogModuleManager: Shutting down and abandoning module XmlParser (428)
[2018.02.13-09.41.39:222][550]LogModuleManager: Shutting down and abandoning module Blutility (426)
[2018.02.13-09.41.39:223][550]LogModuleManager: Shutting down and abandoning module ProjectSettingsViewer (424)
[2018.02.13-09.41.39:223][550]LogModuleManager: Shutting down and abandoning module ProjectTargetPlatformEditor (423)
[2018.02.13-09.41.39:223][550]LogModuleManager: Shutting down and abandoning module EditorSettingsViewer (420)
[2018.02.13-09.41.39:223][550]LogModuleManager: Shutting down and abandoning module SettingsEditor (418)
[2018.02.13-09.41.39:223][550]LogModuleManager: Shutting down and abandoning module ProjectLauncher (416)
[2018.02.13-09.41.39:224][550]LogModuleManager: Shutting down and abandoning module SessionFrontend (414)
[2018.02.13-09.41.39:224][550]LogModuleManager: Shutting down and abandoning module ProfilerClient (412)
[2018.02.13-09.41.39:224][550]LogModuleManager: Shutting down and abandoning module DeviceManager (410)
[2018.02.13-09.41.39:224][550]LogModuleManager: Shutting down and abandoning module TargetDeviceServices (409)
[2018.02.13-09.41.39:276][550]LogModuleManager: Shutting down and abandoning module AutomationController (406)
[2018.02.13-09.41.39:276][550]LogModuleManager: Shutting down and abandoning module AutomationWindow (404)
[2018.02.13-09.41.39:276][550]LogModuleManager: Shutting down and abandoning module Layers (402)
[2018.02.13-09.41.39:277][550]LogModuleManager: Shutting down and abandoning module ComponentVisualizers (400)
[2018.02.13-09.41.39:277][550]LogModuleManager: Shutting down and abandoning module DetailCustomizations (398)
[2018.02.13-09.41.39:277][550]LogModuleManager: Shutting down and abandoning module PackagesDialog (396)
[2018.02.13-09.41.39:277][550]LogModuleManager: Shutting down and abandoning module Persona (394)
[2018.02.13-09.41.39:277][550]LogModuleManager: Shutting down and abandoning module AdvancedPreviewScene (393)
[2018.02.13-09.41.39:278][550]LogModuleManager: Shutting down and abandoning module AnimGraph (391)
[2018.02.13-09.41.39:278][550]LogModuleManager: Shutting down and abandoning module Kismet (388)
[2018.02.13-09.41.39:280][550]LogModuleManager: Shutting down and abandoning module ClassViewer (386)
[2018.02.13-09.41.39:280][550]LogModuleManager: Shutting down and abandoning module Toolbox (384)
[2018.02.13-09.41.39:280][550]LogModuleManager: Shutting down and abandoning module ModuleUI (382)
[2018.02.13-09.41.39:280][550]LogModuleManager: Shutting down and abandoning module MovieSceneTools (380)
[2018.02.13-09.41.39:280][550]LogModuleManager: Shutting down and abandoning module OutputLog (378)
[2018.02.13-09.41.39:280][550]LogModuleManager: Shutting down and abandoning module GammaUI (376)
[2018.02.13-09.41.39:280][550]LogModuleManager: Shutting down and abandoning module Documentation (374)
[2018.02.13-09.41.39:280][550]LogModuleManager: Shutting down and abandoning module MovieSceneTracks (372)
[2018.02.13-09.41.39:280][550]LogModuleManager: Shutting down and abandoning module MovieScene (370)
[2018.02.13-09.41.39:280][550]LogModuleManager: Shutting down and abandoning module StreamingPauseRendering (368)
[2018.02.13-09.41.39:281][550]LogModuleManager: Shutting down and abandoning module LauncherPlatform (366)
[2018.02.13-09.41.39:281][550]LogModuleManager: Shutting down and abandoning module AnalyticsET (364)
[2018.02.13-09.41.39:281][550]LogModuleManager: Shutting down and abandoning module PortalServices (362)
[2018.02.13-09.41.39:281][550]LogModuleManager: Shutting down and abandoning module PortalRpc (360)
[2018.02.13-09.41.39:281][550]LogModuleManager: Shutting down and abandoning module MessagingRpc (358)
[2018.02.13-09.41.39:281][550]LogModuleManager: Shutting down and abandoning module AIModule (356)
[2018.02.13-09.41.39:281][550]LogModuleManager: Shutting down and abandoning module GameplayDebugger (355)
[2018.02.13-09.41.39:281][550]LogModuleManager: Shutting down and abandoning module AITestSuite (353)
[2018.02.13-09.41.39:281][550]LogModuleManager: Shutting down and abandoning module DesktopPlatform (350)
[2018.02.13-09.41.39:281][550]LogModuleManager: Shutting down and abandoning module ProfilerService (348)
[2018.02.13-09.41.39:428][550]LogModuleManager: Shutting down and abandoning module TaskGraph (346)
[2018.02.13-09.41.39:428][550]LogModuleManager: Shutting down and abandoning module SteamVRController (344)
[2018.02.13-09.41.39:428][550]LogModuleManager: Shutting down and abandoning module ProceduralMeshComponentEditor (342)
[2018.02.13-09.41.39:428][550]LogModuleManager: Shutting down and abandoning module ProceduralMeshComponent (340)
[2018.02.13-09.41.39:428][550]LogModuleManager: Shutting down and abandoning module OculusInput (338)
[2018.02.13-09.41.39:428][550]LogModuleManager: Shutting down and abandoning module MobilePatchingUtils (336)
[2018.02.13-09.41.39:428][550]LogModuleManager: Shutting down and abandoning module CustomMeshComponent (334)
[2018.02.13-09.41.39:428][550]LogModuleManager: Shutting down and abandoning module CableComponent (332)
[2018.02.13-09.41.39:429][550]LogModuleManager: Shutting down and abandoning module ArchVisCharacter (330)
[2018.02.13-09.41.39:429][550]LogModuleManager: Shutting down and abandoning module AndroidPermission (328)
[2018.02.13-09.41.39:429][550]LogModuleManager: Shutting down and abandoning module ActorSequence (324)
[2018.02.13-09.41.39:429][550]LogModuleManager: Shutting down and abandoning module MediaPlayerEditor (322)
[2018.02.13-09.41.39:429][550]LogModuleManager: Shutting down and abandoning module MediaCompositingEditor (320)
[2018.02.13-09.41.39:429][550]LogModuleManager: Shutting down and abandoning module MediaCompositing (318)
[2018.02.13-09.41.39:429][550]LogModuleManager: Shutting down and abandoning module HTML5Networking (316)
[2018.02.13-09.41.39:429][550]LogModuleManager: Shutting down and abandoning module AlembicImporter (314)
[2018.02.13-09.41.39:429][550]LogModuleManager: Shutting down and abandoning module AlembicLibrary (313)
[2018.02.13-09.41.39:429][550]LogModuleManager: Shutting down and abandoning module GeometryCache (312)
[2018.02.13-09.41.39:430][550]LogModuleManager: Shutting down and abandoning module GeometryCacheEd (311)
[2018.02.13-09.41.39:430][550]LogModuleManager: Shutting down and abandoning module SpeedTreeImporter (306)
[2018.02.13-09.41.39:430][550]LogModuleManager: Shutting down and abandoning module PluginBrowser (304)
[2018.02.13-09.41.39:430][550]LogModuleManager: Shutting down and abandoning module MobileLauncherProfileWizard (302)
[2018.02.13-09.41.39:430][550]LogModuleManager: Shutting down and abandoning module VisualStudioSourceCodeAccess (300)
[2018.02.13-09.41.39:430][550]LogModuleManager: Shutting down and abandoning module VisualStudioCodeSourceCodeAccess (298)
[2018.02.13-09.41.39:430][550]LogModuleManager: Shutting down and abandoning module UObjectPlugin (296)
[2018.02.13-09.41.39:430][550]LogModuleManager: Shutting down and abandoning module SubversionSourceControl (294)
[2018.02.13-09.41.39:430][550]LogModuleManager: Shutting down and abandoning module PerforceSourceControl (292)
[2018.02.13-09.41.39:431][550]LogModuleManager: Shutting down and abandoning module GitSourceControl (290)
[2018.02.13-09.41.39:431][550]LogModuleManager: Shutting down and abandoning module SourceControl (289)
[2018.02.13-09.41.39:431][550]LogModuleManager: Shutting down and abandoning module LightPropagationVolumeEditor (286)
[2018.02.13-09.41.39:431][550]LogModuleManager: Shutting down and abandoning module PaperTiledImporter (284)
[2018.02.13-09.41.39:431][550]LogModuleManager: Shutting down and abandoning module PaperSpriteSheetImporter (282)
[2018.02.13-09.41.39:431][550]LogModuleManager: Shutting down and abandoning module Paper2DEditor (280)
[2018.02.13-09.41.39:431][550]LogModuleManager: Shutting down and abandoning module MeshPaint (279)
[2018.02.13-09.41.39:431][550]LogModuleManager: Shutting down and abandoning module LevelEditor (277)
[2018.02.13-09.41.39:434][550]LogModuleManager: Shutting down and abandoning module PixelInspectorModule (276)
[2018.02.13-09.41.39:434][550]LogModuleManager: Shutting down and abandoning module MainFrame (274)
[2018.02.13-09.41.39:435][550]LogModuleManager: Shutting down and abandoning module HotReload (273)
[2018.02.13-09.41.39:436][550]LogModuleManager: Shutting down and abandoning module RuntimePhysXCooking (268)
[2018.02.13-09.41.39:436][550]LogModuleManager: Shutting down and abandoning module PhysXVehiclesEditor (266)
[2018.02.13-09.41.39:437][550]LogModuleManager: Shutting down and abandoning module PhysXVehicles (264)
[2018.02.13-09.41.39:437][550]LogModuleManager: Shutting down and abandoning module OculusEditor (262)
[2018.02.13-09.41.39:437][550]LogModuleManager: Shutting down and abandoning module LocationServicesBPLibrary (260)
[2018.02.13-09.41.39:437][550]LogModuleManager: Shutting down and abandoning module ImmediatePhysicsEditor (258)
[2018.02.13-09.41.39:437][550]LogModuleManager: Shutting down and abandoning module ImmediatePhysics (256)
[2018.02.13-09.41.39:437][550]LogModuleManager: Shutting down and abandoning module UdpMessaging (254)
[2018.02.13-09.41.39:538][550]LogModuleManager: Shutting down and abandoning module TcpMessaging (252)
[2018.02.13-09.41.39:638][550]LogModuleManager: Shutting down and abandoning module GameplayTagsEditor (250)
[2018.02.13-09.41.39:638][550]LogModuleManager: Shutting down and abandoning module FacialAnimationEditor (248)
[2018.02.13-09.41.39:638][550]LogModuleManager: Shutting down and abandoning module FacialAnimation (246)
[2018.02.13-09.41.39:639][550]LogModuleManager: Shutting down and abandoning module AssetManagerEditor (244)
[2018.02.13-09.41.39:639][550]LogModuleManager: Shutting down and abandoning module GraphEditor (243)
[2018.02.13-09.41.39:639][550]LogModuleManager: Shutting down and abandoning module ContentBrowser (241)
[2018.02.13-09.41.39:642][550]LogModuleManager: Shutting down and abandoning module LightPropagationVolumeRuntime (238)
[2018.02.13-09.41.39:642][550]LogModuleManager: Shutting down and abandoning module Paper2D (236)
[2018.02.13-09.41.39:643][550]LogModuleManager: Shutting down and abandoning module WindowsMoviePlayer (234)
[2018.02.13-09.41.39:643][550]LogModuleManager: Shutting down and abandoning module WmfMedia (232)
[2018.02.13-09.41.39:649][550]LogModuleManager: Shutting down and abandoning module ImgMedia (230)
[2018.02.13-09.41.39:649][550]LogModuleManager: Shutting down and abandoning module PacketHandler (228)
[2018.02.13-09.41.39:649][550]LogModuleManager: Shutting down and abandoning module ClothingSystemEditor (226)
[2018.02.13-09.41.39:649][550]LogModuleManager: Shutting down and abandoning module ClothingSystemRuntime (224)
[2018.02.13-09.41.39:649][550]LogModuleManager: Shutting down and abandoning module MediaAssets (222)
[2018.02.13-09.41.39:650][550]LogModuleManager: Shutting down and abandoning module Media (221)
[2018.02.13-09.41.39:657][550]LogModuleManager: Shutting down and abandoning module Overlay (218)
[2018.02.13-09.41.39:658][550]LogModuleManager: Shutting down and abandoning module OverlayEditor (217)
[2018.02.13-09.41.39:658][550]LogModuleManager: Shutting down and abandoning module VREditor (214)
[2018.02.13-09.41.39:658][550]LogModuleManager: Shutting down and abandoning module StringTableEditor (212)
[2018.02.13-09.41.39:658][550]LogModuleManager: Shutting down and abandoning module GameplayTasksEditor (210)
[2018.02.13-09.41.39:658][550]LogModuleManager: Shutting down and abandoning module BehaviorTreeEditor (208)
[2018.02.13-09.41.39:658][550]LogModuleManager: Shutting down and abandoning module FunctionalTesting (206)
[2018.02.13-09.41.39:658][550]LogModuleManager: Shutting down and abandoning module CollisionAnalyzer (204)
[2018.02.13-09.41.39:658][550]LogModuleManager: Shutting down and abandoning module WorkspaceMenuStructure (203)
[2018.02.13-09.41.39:659][550]LogModuleManager: Shutting down and abandoning module UMG (200)
[2018.02.13-09.41.39:659][550]LogModuleManager: Shutting down and abandoning module UMGEditor (199)
[2018.02.13-09.41.39:659][550]LogModuleManager: Shutting down and abandoning module Sequencer (198)
[2018.02.13-09.41.39:659][550]LogModuleManager: Shutting down and abandoning module MessageLog (195)
[2018.02.13-09.41.39:659][550]LogModuleManager: Shutting down and abandoning module SlateReflector (190)
[2018.02.13-09.41.39:660][550]LogModuleManager: Shutting down and abandoning module Slate (188)
[2018.02.13-09.41.39:660][550]LogModuleManager: Shutting down and abandoning module EditorStyle (186)
[2018.02.13-09.41.39:667][550]LogModuleManager: Shutting down and abandoning module MRMesh (184)
[2018.02.13-09.41.39:667][550]LogModuleManager: Shutting down and abandoning module SourceCodeAccess (182)
[2018.02.13-09.41.39:667][550]LogModuleManager: Shutting down and abandoning module HeadMountedDisplay (180)
[2018.02.13-09.41.39:667][550]LogModuleManager: Shutting down and abandoning module XAudio2 (178)
[2018.02.13-09.41.39:667][550]LogModuleManager: Shutting down and abandoning module Networking (176)
[2018.02.13-09.41.39:667][550]LogModuleManager: Shutting down and abandoning module Core (172)
[2018.02.13-09.41.39:667][550]LogModuleManager: Shutting down and abandoning module LevelSequence (168)
[2018.02.13-09.41.39:667][550]LogModuleManager: Shutting down and abandoning module DirectoryWatcher (166)
[2018.02.13-09.41.39:670][550]LogModuleManager: Shutting down and abandoning module KismetCompiler (164)
[2018.02.13-09.41.39:670][550]LogModuleManager: Shutting down and abandoning module MeshUtilities (162)
[2018.02.13-09.41.39:670][550]LogModuleManager: Shutting down and abandoning module MeshMergeUtilities (161)
[2018.02.13-09.41.39:670][550]LogModuleManager: Shutting down and abandoning module MeshReductionInterface (160)
[2018.02.13-09.41.39:670][550]LogModuleManager: Shutting down and abandoning module SimplygonSwarm (159)
[2018.02.13-09.41.39:670][550]LogModuleManager: Shutting down and abandoning module SimplygonMeshReduction (157)
[2018.02.13-09.41.39:670][550]LogModuleManager: Shutting down and abandoning module QuadricMeshReduction (155)
[2018.02.13-09.41.39:670][550]LogModuleManager: Shutting down and abandoning module MaterialBaking (151)
[2018.02.13-09.41.39:670][550]LogModuleManager: Shutting down and abandoning module DerivedDataCache (148)
[2018.02.13-09.41.39:703][550]LogDerivedDataCache: Shutdown
[2018.02.13-09.41.39:703][550]LogModuleManager: Shutting down and abandoning module TargetPlatform (146)
[2018.02.13-09.41.39:703][550]LogModuleManager: Shutting down and abandoning module VulkanShaderFormat (145)
[2018.02.13-09.41.39:704][550]LogModuleManager: Shutting down and abandoning module ShaderFormatVectorVM (143)
[2018.02.13-09.41.39:704][550]LogModuleManager: Shutting down and abandoning module ShaderFormatOpenGL (141)
[2018.02.13-09.41.39:704][550]LogModuleManager: Shutting down and abandoning module ShaderFormatD3D (139)
[2018.02.13-09.41.39:704][550]LogModuleManager: Shutting down and abandoning module MetalShaderFormat (137)
[2018.02.13-09.41.39:705][550]LogModuleManager: Shutting down and abandoning module TextureFormatUncompressed (135)
[2018.02.13-09.41.39:705][550]LogModuleManager: Shutting down and abandoning module TextureFormatPVR (133)
[2018.02.13-09.41.39:705][550]LogModuleManager: Shutting down and abandoning module TextureFormatDXT (131)
[2018.02.13-09.41.39:705][550]LogModuleManager: Shutting down and abandoning module TextureFormatIntelISPCTexComp (129)
[2018.02.13-09.41.39:705][550]LogModuleManager: Shutting down and abandoning module TextureFormatASTC (127)
[2018.02.13-09.41.39:705][550]LogModuleManager: Shutting down and abandoning module ImageWrapper (126)
[2018.02.13-09.41.39:705][550]LogModuleManager: Shutting down and abandoning module TextureFormatAndroid (123)
[2018.02.13-09.41.39:705][550]LogModuleManager: Shutting down and abandoning module AudioFormatOpus (121)
[2018.02.13-09.41.39:705][550]LogModuleManager: Shutting down and abandoning module AudioFormatOgg (119)
[2018.02.13-09.41.39:706][550]LogModuleManager: Shutting down and abandoning module AudioFormatADPCM (117)
[2018.02.13-09.41.39:706][550]LogModuleManager: Shutting down and abandoning module LinuxTargetPlatform (115)
[2018.02.13-09.41.39:706][550]LogModuleManager: Shutting down and abandoning module LinuxServerTargetPlatform (113)
[2018.02.13-09.41.39:706][550]LogModuleManager: Shutting down and abandoning module LinuxNoEditorTargetPlatform (111)
[2018.02.13-09.41.39:706][550]LogModuleManager: Shutting down and abandoning module LinuxClientTargetPlatform (109)
[2018.02.13-09.41.39:706][550]LogModuleManager: Shutting down and abandoning module TVOSTargetPlatform (107)
[2018.02.13-09.41.39:706][550]LogModuleManager: Shutting down and abandoning module Messaging (105)
[2018.02.13-09.41.39:706][550]LogModuleManager: Shutting down and abandoning module IOSTargetPlatform (103)
[2018.02.13-09.41.39:706][550]LogModuleManager: Shutting down and abandoning module HTML5TargetPlatform (101)
[2018.02.13-09.41.39:706][550]LogModuleManager: Shutting down and abandoning module AndroidTargetPlatform (99)
[2018.02.13-09.41.39:706][550]LogModuleManager: Shutting down and abandoning module Android_PVRTCTargetPlatform (97)
[2018.02.13-09.41.39:706][550]LogModuleManager: Shutting down and abandoning module Android_MultiTargetPlatform (95)
[2018.02.13-09.41.39:706][550]LogModuleManager: Shutting down and abandoning module Android_ETC2TargetPlatform (93)
[2018.02.13-09.41.39:706][550]LogModuleManager: Shutting down and abandoning module Android_ETC1TargetPlatform (91)
[2018.02.13-09.41.39:706][550]LogModuleManager: Shutting down and abandoning module Android_DXTTargetPlatform (89)
[2018.02.13-09.41.39:706][550]LogModuleManager: Shutting down and abandoning module Android_ATCTargetPlatform (87)
[2018.02.13-09.41.39:706][550]LogModuleManager: Shutting down and abandoning module Android_ASTCTargetPlatform (85)
[2018.02.13-09.41.39:707][550]LogModuleManager: Shutting down and abandoning module WindowsTargetPlatform (83)
[2018.02.13-09.41.39:707][550]LogModuleManager: Shutting down and abandoning module WindowsServerTargetPlatform (81)
[2018.02.13-09.41.39:707][550]LogModuleManager: Shutting down and abandoning module WindowsNoEditorTargetPlatform (79)
[2018.02.13-09.41.39:707][550]LogModuleManager: Shutting down and abandoning module WindowsClientTargetPlatform (77)
[2018.02.13-09.41.39:707][550]LogModuleManager: Shutting down and abandoning module MacTargetPlatform (75)
[2018.02.13-09.41.39:707][550]LogModuleManager: Shutting down and abandoning module MacServerTargetPlatform (73)
[2018.02.13-09.41.39:707][550]LogModuleManager: Shutting down and abandoning module MacNoEditorTargetPlatform (71)
[2018.02.13-09.41.39:707][550]LogModuleManager: Shutting down and abandoning module MacClientTargetPlatform (69)
[2018.02.13-09.41.39:707][550]LogModuleManager: Shutting down and abandoning module AllDesktopTargetPlatform (67)
[2018.02.13-09.41.39:707][550]LogModuleManager: Shutting down and abandoning module InputCore (64)
[2018.02.13-09.41.39:707][550]LogModuleManager: Shutting down and abandoning module Settings (62)
[2018.02.13-09.41.39:707][550]LogModuleManager: Shutting down and abandoning module PhysXCooking (60)
[2018.02.13-09.41.39:707][550]LogModuleManager: Shutting down and abandoning module SteamVR (58)
[2018.02.13-09.41.39:707][550]LogModuleManager: Shutting down and abandoning module OculusHMD (56)
[2018.02.13-09.41.39:707][550]LogModuleManager: Shutting down and abandoning module ExampleDeviceProfileSelector (54)
[2018.02.13-09.41.39:708][550]LogModuleManager: Shutting down and abandoning module AppleARKit (52)
[2018.02.13-09.41.39:708][550]LogModuleManager: Shutting down and abandoning module AugmentedReality (51)
[2018.02.13-09.41.39:708][550]LogModuleManager: Shutting down and abandoning module OnlineBlueprintSupport (48)
[2018.02.13-09.41.39:708][550]LogModuleManager: Shutting down and abandoning module OnlineSubsystem (44)
[2018.02.13-09.41.39:708][550]LogModuleManager: Shutting down and abandoning module XMPP (43)
[2018.02.13-09.41.39:708][550]LogModuleManager: Shutting down and abandoning module HTTP (41)
[2018.02.13-09.41.39:708][550]LogHttp: Display: Http module shutting down, but needs to wait on 1 outstanding Http requests:
[2018.02.13-09.41.39:708][550]LogHttp: Display: 	verb=[POST] url=[https://datarouter.ol.epicgames.com/datarouter/api/v1/public/data?SessionID=%7B8E6FCE09-44E0-5225-4004-898933D5D001%7D&AppID=UEEditor.Rocket.Release&AppVersion=4.18.3-3832480%2B%2B%2BUE4%2BRelease-4.18&UserID=aca6159143add651c418808e0b16f044%7Cc193f74c0f4547c3862536dbb9124be9%7C92ff390d-2c89-4c3c-b0d8-a16dab4b482c&AppEnvironment=datacollector-binary&UploadType=eteventstream] status=Processing
[2018.02.13-09.41.39:748][550]LogModuleManager: Shutting down and abandoning module SSL (40)
[2018.02.13-09.41.39:835][550]LogModuleManager: Shutting down and abandoning module AnimationModifiers (36)
[2018.02.13-09.41.39:835][550]LogModuleManager: Shutting down and abandoning module PropertyEditor (35)
[2018.02.13-09.41.39:835][550]LogModuleManager: Shutting down and abandoning module AudioEditor (32)
[2018.02.13-09.41.39:836][550]LogModuleManager: Shutting down and abandoning module TextureCompressor (30)
[2018.02.13-09.41.39:838][550]LogModuleManager: Shutting down and abandoning module ShaderCore (28)
[2018.02.13-09.41.39:838][550]LogModuleManager: Shutting down and abandoning module Landscape (26)
[2018.02.13-09.41.39:838][550]LogModuleManager: Shutting down and abandoning module SlateRHIRenderer (24)
[2018.02.13-09.41.39:839][550]LogModuleManager: Shutting down and abandoning module OpenGLDrv (22)
[2018.02.13-09.41.39:839][550]LogModuleManager: Shutting down and abandoning module D3D11RHI (20)
[2018.02.13-09.41.39:839][550]LogModuleManager: Shutting down and abandoning module AnimGraphRuntime (18)
[2018.02.13-09.41.39:839][550]LogModuleManager: Shutting down and abandoning module Renderer (16)
[2018.02.13-09.41.39:840][550]LogModuleManager: Shutting down and abandoning module Engine (14)
[2018.02.13-09.41.39:840][550]LogModuleManager: Shutting down and abandoning module CoreUObject (12)
[2018.02.13-09.41.39:840][550]LogModuleManager: Shutting down and abandoning module NetworkFile (10)
[2018.02.13-09.41.39:840][550]LogModuleManager: Shutting down and abandoning module CookedIterativeFile (8)
[2018.02.13-09.41.39:840][550]LogModuleManager: Shutting down and abandoning module StreamingFile (6)
[2018.02.13-09.41.39:840][550]LogModuleManager: Shutting down and abandoning module SandboxFile (4)
[2018.02.13-09.41.39:840][550]LogModuleManager: Shutting down and abandoning module PakFile (2)
[2018.02.13-09.41.39:846][550]LogExit: Exiting.
[2018.02.13-09.41.39:864][550]Log file closed, 02/13/18 04:41:39
